2025-02-10 11:18:54 INFO  - HV000001: Hibernate Validator 8.0.2.Final
2025-02-10 11:18:54 INFO  - Starting DormApp using Java 17.0.14 with PID 3928 (C:\Users\Me\IdeaProjects\tsaousis-final\build\classes\java\main started by Me in C:\Users\Me\IdeaProjects\tsaousis-final)
2025-02-10 11:18:54 INFO  - The following 1 profile is active: "test"
2025-02-10 11:18:57 INFO  - Bootstrapping Spring Data JPA repositories in DEFAULT mode.
2025-02-10 11:18:58 INFO  - Finished Spring Data repository scanning in 303 ms. Found 5 JPA repository interfaces.
2025-02-10 11:19:01 INFO  - Tomcat initialized with port 8080 (http)
2025-02-10 11:19:01 INFO  - Root WebApplicationContext: initialization completed in 7098 ms
2025-02-10 11:19:02 INFO  - HHH000412: Hibernate ORM core version 6.6.4.Final
2025-02-10 11:19:02 INFO  - HHH000026: Second-level cache disabled
2025-02-10 11:19:03 INFO  - No LoadTimeWeaver setup: ignoring JPA class transformer
2025-02-10 11:19:04 INFO  - HHH10001005: Database info:
	Database JDBC URL [Connecting through datasource 'HikariDataSource (HikariPool-1)']
	Database driver: undefined/unknown
	Database version: 8.0.38
	Autocommit mode: undefined/unknown
	Isolation level: undefined/unknown
	Minimum pool size: undefined/unknown
	Maximum pool size: undefined/unknown
2025-02-10 11:19:08 INFO  - HHH000489: No JTA platform available (set 'hibernate.transaction.jta.platform' to enable JTA platform integration)
2025-02-10 11:19:08 INFO  - Initialized JPA EntityManagerFactory for persistence unit 'default'
2025-02-10 11:19:09 INFO  - Global AuthenticationManager configured with UserDetailsService bean with name customUserDetailsService
2025-02-10 11:19:09 WARN  - spring.jpa.open-in-view is enabled by default. Therefore, database queries may be performed during view rendering. Explicitly configure spring.jpa.open-in-view to disable this warning
2025-02-10 11:19:11 INFO  - Tomcat started on port 8080 (http) with context path '/'
2025-02-10 11:19:11 INFO  - Started DormApp in 19.131 seconds (process running for 20.511)
2025-02-10 11:28:47 INFO  - HV000001: Hibernate Validator 8.0.2.Final
2025-02-10 11:28:47 INFO  - Starting DormApp using Java 17.0.14 with PID 11432 (C:\Users\Me\IdeaProjects\tsaousis-final\build\classes\java\main started by Me in C:\Users\Me\IdeaProjects\tsaousis-final)
2025-02-10 11:28:47 INFO  - The following 1 profile is active: "test"
2025-02-10 11:28:49 INFO  - Bootstrapping Spring Data JPA repositories in DEFAULT mode.
2025-02-10 11:28:49 INFO  - Finished Spring Data repository scanning in 132 ms. Found 5 JPA repository interfaces.
2025-02-10 11:28:51 INFO  - Tomcat initialized with port 8080 (http)
2025-02-10 11:28:51 INFO  - Root WebApplicationContext: initialization completed in 3274 ms
2025-02-10 11:28:51 INFO  - HHH000412: Hibernate ORM core version 6.6.4.Final
2025-02-10 11:28:51 INFO  - HHH000026: Second-level cache disabled
2025-02-10 11:28:52 INFO  - No LoadTimeWeaver setup: ignoring JPA class transformer
2025-02-10 11:28:53 INFO  - HHH10001005: Database info:
	Database JDBC URL [Connecting through datasource 'HikariDataSource (HikariPool-1)']
	Database driver: undefined/unknown
	Database version: 8.0.38
	Autocommit mode: undefined/unknown
	Isolation level: undefined/unknown
	Minimum pool size: undefined/unknown
	Maximum pool size: undefined/unknown
2025-02-10 11:28:55 INFO  - HHH000489: No JTA platform available (set 'hibernate.transaction.jta.platform' to enable JTA platform integration)
2025-02-10 11:28:55 INFO  - Initialized JPA EntityManagerFactory for persistence unit 'default'
2025-02-10 11:28:55 INFO  - Global AuthenticationManager configured with UserDetailsService bean with name customUserDetailsService
2025-02-10 11:28:56 WARN  - spring.jpa.open-in-view is enabled by default. Therefore, database queries may be performed during view rendering. Explicitly configure spring.jpa.open-in-view to disable this warning
2025-02-10 11:28:57 INFO  - Tomcat started on port 8080 (http) with context path '/'
2025-02-10 11:28:57 INFO  - Started DormApp in 10.576 seconds (process running for 11.359)
