2025-02-10 11:18:54 INFO  - HV000001: Hibernate Validator 8.0.2.Final
2025-02-10 11:18:54 INFO  - Starting DormApp using Java 17.0.14 with PID 3928 (C:\Users\Me\IdeaProjects\tsaousis-final\build\classes\java\main started by Me in C:\Users\Me\IdeaProjects\tsaousis-final)
2025-02-10 11:18:54 INFO  - The following 1 profile is active: "test"
2025-02-10 11:18:57 INFO  - Bootstrapping Spring Data JPA repositories in DEFAULT mode.
2025-02-10 11:18:58 INFO  - Finished Spring Data repository scanning in 303 ms. Found 5 JPA repository interfaces.
2025-02-10 11:19:01 INFO  - Tomcat initialized with port 8080 (http)
2025-02-10 11:19:01 INFO  - Root WebApplicationContext: initialization completed in 7098 ms
2025-02-10 11:19:02 INFO  - HHH000412: Hibernate ORM core version 6.6.4.Final
2025-02-10 11:19:02 INFO  - HHH000026: Second-level cache disabled
2025-02-10 11:19:03 INFO  - No LoadTimeWeaver setup: ignoring JPA class transformer
2025-02-10 11:19:04 INFO  - HHH10001005: Database info:
	Database JDBC URL [Connecting through datasource 'HikariDataSource (HikariPool-1)']
	Database driver: undefined/unknown
	Database version: 8.0.38
	Autocommit mode: undefined/unknown
	Isolation level: undefined/unknown
	Minimum pool size: undefined/unknown
	Maximum pool size: undefined/unknown
2025-02-10 11:19:08 INFO  - HHH000489: No JTA platform available (set 'hibernate.transaction.jta.platform' to enable JTA platform integration)
2025-02-10 11:19:08 INFO  - Initialized JPA EntityManagerFactory for persistence unit 'default'
2025-02-10 11:19:09 INFO  - Global AuthenticationManager configured with UserDetailsService bean with name customUserDetailsService
2025-02-10 11:19:09 WARN  - spring.jpa.open-in-view is enabled by default. Therefore, database queries may be performed during view rendering. Explicitly configure spring.jpa.open-in-view to disable this warning
2025-02-10 11:19:11 INFO  - Tomcat started on port 8080 (http) with context path '/'
2025-02-10 11:19:11 INFO  - Started DormApp in 19.131 seconds (process running for 20.511)
2025-02-10 11:28:47 INFO  - HV000001: Hibernate Validator 8.0.2.Final
2025-02-10 11:28:47 INFO  - Starting DormApp using Java 17.0.14 with PID 11432 (C:\Users\Me\IdeaProjects\tsaousis-final\build\classes\java\main started by Me in C:\Users\Me\IdeaProjects\tsaousis-final)
2025-02-10 11:28:47 INFO  - The following 1 profile is active: "test"
2025-02-10 11:28:49 INFO  - Bootstrapping Spring Data JPA repositories in DEFAULT mode.
2025-02-10 11:28:49 INFO  - Finished Spring Data repository scanning in 132 ms. Found 5 JPA repository interfaces.
2025-02-10 11:28:51 INFO  - Tomcat initialized with port 8080 (http)
2025-02-10 11:28:51 INFO  - Root WebApplicationContext: initialization completed in 3274 ms
2025-02-10 11:28:51 INFO  - HHH000412: Hibernate ORM core version 6.6.4.Final
2025-02-10 11:28:51 INFO  - HHH000026: Second-level cache disabled
2025-02-10 11:28:52 INFO  - No LoadTimeWeaver setup: ignoring JPA class transformer
2025-02-10 11:28:53 INFO  - HHH10001005: Database info:
	Database JDBC URL [Connecting through datasource 'HikariDataSource (HikariPool-1)']
	Database driver: undefined/unknown
	Database version: 8.0.38
	Autocommit mode: undefined/unknown
	Isolation level: undefined/unknown
	Minimum pool size: undefined/unknown
	Maximum pool size: undefined/unknown
2025-02-10 11:28:55 INFO  - HHH000489: No JTA platform available (set 'hibernate.transaction.jta.platform' to enable JTA platform integration)
2025-02-10 11:28:55 INFO  - Initialized JPA EntityManagerFactory for persistence unit 'default'
2025-02-10 11:28:55 INFO  - Global AuthenticationManager configured with UserDetailsService bean with name customUserDetailsService
2025-02-10 11:28:56 WARN  - spring.jpa.open-in-view is enabled by default. Therefore, database queries may be performed during view rendering. Explicitly configure spring.jpa.open-in-view to disable this warning
2025-02-10 11:28:57 INFO  - Tomcat started on port 8080 (http) with context path '/'
2025-02-10 11:28:57 INFO  - Started DormApp in 10.576 seconds (process running for 11.359)
2025-02-10 12:22:06 INFO  - HV000001: Hibernate Validator 8.0.2.Final
2025-02-10 12:22:06 INFO  - Starting DormApp using Java 17.0.14 with PID 12540 (C:\Users\Me\IdeaProjects\tsaousis-final\build\classes\java\main started by Me in C:\Users\Me\IdeaProjects\tsaousis-final)
2025-02-10 12:22:06 INFO  - The following 1 profile is active: "test"
2025-02-10 12:22:07 INFO  - Bootstrapping Spring Data JPA repositories in DEFAULT mode.
2025-02-10 12:22:08 INFO  - Finished Spring Data repository scanning in 117 ms. Found 5 JPA repository interfaces.
2025-02-10 12:22:09 INFO  - Tomcat initialized with port 8080 (http)
2025-02-10 12:22:09 INFO  - Root WebApplicationContext: initialization completed in 3439 ms
2025-02-10 12:22:10 INFO  - HHH000412: Hibernate ORM core version 6.6.4.Final
2025-02-10 12:22:10 INFO  - HHH000026: Second-level cache disabled
2025-02-10 12:22:10 INFO  - No LoadTimeWeaver setup: ignoring JPA class transformer
2025-02-10 12:22:11 INFO  - HHH10001005: Database info:
	Database JDBC URL [Connecting through datasource 'HikariDataSource (HikariPool-1)']
	Database driver: undefined/unknown
	Database version: 8.0.38
	Autocommit mode: undefined/unknown
	Isolation level: undefined/unknown
	Minimum pool size: undefined/unknown
	Maximum pool size: undefined/unknown
2025-02-10 12:22:14 INFO  - HHH000489: No JTA platform available (set 'hibernate.transaction.jta.platform' to enable JTA platform integration)
2025-02-10 12:22:14 INFO  - Initialized JPA EntityManagerFactory for persistence unit 'default'
2025-02-10 12:22:15 INFO  - Global AuthenticationManager configured with UserDetailsService bean with name customUserDetailsService
2025-02-10 12:22:15 WARN  - spring.jpa.open-in-view is enabled by default. Therefore, database queries may be performed during view rendering. Explicitly configure spring.jpa.open-in-view to disable this warning
2025-02-10 12:22:16 INFO  - Tomcat started on port 8080 (http) with context path '/'
2025-02-10 12:22:16 INFO  - Started DormApp in 11.408 seconds (process running for 12.277)
2025-02-10 12:28:12 INFO  - Initializing Servlet 'dispatcherServlet'
2025-02-10 12:28:12 INFO  - Completed initialization in 3 ms
2025-02-10 12:28:13 INFO  - User authenticated
2025-02-10 12:32:07 INFO  - User authenticated
2025-02-10 12:45:51 INFO  - HV000001: Hibernate Validator 8.0.2.Final
2025-02-10 12:45:51 INFO  - Starting DormApp using Java 17.0.14 with PID 14368 (C:\Users\Me\IdeaProjects\tsaousis-final\build\classes\java\main started by Me in C:\Users\Me\IdeaProjects\tsaousis-final)
2025-02-10 12:45:51 INFO  - The following 1 profile is active: "test"
2025-02-10 12:45:52 INFO  - Bootstrapping Spring Data JPA repositories in DEFAULT mode.
2025-02-10 12:45:53 INFO  - Finished Spring Data repository scanning in 119 ms. Found 5 JPA repository interfaces.
2025-02-10 12:45:54 INFO  - Tomcat initialized with port 8080 (http)
2025-02-10 12:45:54 INFO  - Root WebApplicationContext: initialization completed in 3230 ms
2025-02-10 12:45:55 INFO  - HHH000412: Hibernate ORM core version 6.6.4.Final
2025-02-10 12:45:55 INFO  - HHH000026: Second-level cache disabled
2025-02-10 12:45:55 INFO  - No LoadTimeWeaver setup: ignoring JPA class transformer
2025-02-10 12:45:56 INFO  - HHH10001005: Database info:
	Database JDBC URL [Connecting through datasource 'HikariDataSource (HikariPool-1)']
	Database driver: undefined/unknown
	Database version: 8.0.38
	Autocommit mode: undefined/unknown
	Isolation level: undefined/unknown
	Minimum pool size: undefined/unknown
	Maximum pool size: undefined/unknown
2025-02-10 12:45:58 INFO  - HHH000489: No JTA platform available (set 'hibernate.transaction.jta.platform' to enable JTA platform integration)
2025-02-10 12:45:58 INFO  - Initialized JPA EntityManagerFactory for persistence unit 'default'
2025-02-10 12:45:59 INFO  - Global AuthenticationManager configured with UserDetailsService bean with name customUserDetailsService
2025-02-10 12:45:59 WARN  - spring.jpa.open-in-view is enabled by default. Therefore, database queries may be performed during view rendering. Explicitly configure spring.jpa.open-in-view to disable this warning
2025-02-10 12:46:01 INFO  - Tomcat started on port 8080 (http) with context path '/'
2025-02-10 12:46:01 INFO  - Started DormApp in 11.257 seconds (process running for 11.991)
2025-02-10 12:46:29 INFO  - Initializing Servlet 'dispatcherServlet'
2025-02-10 12:46:29 INFO  - Completed initialization in 3 ms
2025-02-10 12:46:30 INFO  - User authenticated
2025-02-10 12:50:52 INFO  - HV000001: Hibernate Validator 8.0.2.Final
2025-02-10 12:50:52 INFO  - Starting DormApp using Java 17.0.14 with PID 7844 (C:\Users\Me\IdeaProjects\tsaousis-final\build\classes\java\main started by Me in C:\Users\Me\IdeaProjects\tsaousis-final)
2025-02-10 12:50:52 INFO  - The following 1 profile is active: "test"
2025-02-10 12:50:53 INFO  - Bootstrapping Spring Data JPA repositories in DEFAULT mode.
2025-02-10 12:50:53 INFO  - Finished Spring Data repository scanning in 118 ms. Found 5 JPA repository interfaces.
2025-02-10 12:50:55 INFO  - Tomcat initialized with port 8080 (http)
2025-02-10 12:50:55 INFO  - Root WebApplicationContext: initialization completed in 3143 ms
2025-02-10 12:50:55 INFO  - HHH000412: Hibernate ORM core version 6.6.4.Final
2025-02-10 12:50:55 INFO  - HHH000026: Second-level cache disabled
2025-02-10 12:50:56 INFO  - No LoadTimeWeaver setup: ignoring JPA class transformer
2025-02-10 12:50:57 INFO  - HHH10001005: Database info:
	Database JDBC URL [Connecting through datasource 'HikariDataSource (HikariPool-1)']
	Database driver: undefined/unknown
	Database version: 8.0.38
	Autocommit mode: undefined/unknown
	Isolation level: undefined/unknown
	Minimum pool size: undefined/unknown
	Maximum pool size: undefined/unknown
2025-02-10 12:50:59 INFO  - HHH000489: No JTA platform available (set 'hibernate.transaction.jta.platform' to enable JTA platform integration)
2025-02-10 12:50:59 INFO  - Initialized JPA EntityManagerFactory for persistence unit 'default'
2025-02-10 12:51:00 INFO  - Global AuthenticationManager configured with UserDetailsService bean with name customUserDetailsService
2025-02-10 12:51:00 WARN  - spring.jpa.open-in-view is enabled by default. Therefore, database queries may be performed during view rendering. Explicitly configure spring.jpa.open-in-view to disable this warning
2025-02-10 12:51:01 INFO  - Tomcat started on port 8080 (http) with context path '/'
2025-02-10 12:51:01 INFO  - Started DormApp in 10.67 seconds (process running for 11.396)
2025-02-10 12:51:21 INFO  - Initializing Servlet 'dispatcherServlet'
2025-02-10 12:51:21 INFO  - Completed initialization in 2 ms
2025-02-10 12:51:22 INFO  - User authenticated
2025-02-10 12:55:37 INFO  - HV000001: Hibernate Validator 8.0.2.Final
2025-02-10 12:55:38 INFO  - Starting DormApp using Java 17.0.14 with PID 15976 (C:\Users\Me\IdeaProjects\tsaousis-final\build\classes\java\main started by Me in C:\Users\Me\IdeaProjects\tsaousis-final)
2025-02-10 12:55:38 INFO  - The following 1 profile is active: "test"
2025-02-10 12:55:39 INFO  - Bootstrapping Spring Data JPA repositories in DEFAULT mode.
2025-02-10 12:55:39 INFO  - Finished Spring Data repository scanning in 124 ms. Found 5 JPA repository interfaces.
2025-02-10 12:55:41 INFO  - Tomcat initialized with port 8080 (http)
2025-02-10 12:55:41 INFO  - Root WebApplicationContext: initialization completed in 3377 ms
2025-02-10 12:55:41 INFO  - HHH000412: Hibernate ORM core version 6.6.4.Final
2025-02-10 12:55:41 INFO  - HHH000026: Second-level cache disabled
2025-02-10 12:55:42 INFO  - No LoadTimeWeaver setup: ignoring JPA class transformer
2025-02-10 12:55:43 INFO  - HHH10001005: Database info:
	Database JDBC URL [Connecting through datasource 'HikariDataSource (HikariPool-1)']
	Database driver: undefined/unknown
	Database version: 8.0.38
	Autocommit mode: undefined/unknown
	Isolation level: undefined/unknown
	Minimum pool size: undefined/unknown
	Maximum pool size: undefined/unknown
2025-02-10 12:55:45 INFO  - HHH000489: No JTA platform available (set 'hibernate.transaction.jta.platform' to enable JTA platform integration)
2025-02-10 12:55:45 INFO  - Initialized JPA EntityManagerFactory for persistence unit 'default'
2025-02-10 12:55:46 INFO  - Global AuthenticationManager configured with UserDetailsService bean with name customUserDetailsService
2025-02-10 12:55:46 WARN  - spring.jpa.open-in-view is enabled by default. Therefore, database queries may be performed during view rendering. Explicitly configure spring.jpa.open-in-view to disable this warning
2025-02-10 12:55:47 INFO  - Tomcat started on port 8080 (http) with context path '/'
2025-02-10 12:55:47 INFO  - Started DormApp in 11.04 seconds (process running for 11.812)
2025-02-10 12:56:00 INFO  - Initializing Servlet 'dispatcherServlet'
2025-02-10 12:56:00 INFO  - Completed initialization in 2 ms
2025-02-10 13:51:11 INFO  - User authenticated
2025-02-10 14:00:36 WARN  - Request method 'GET' is not supported
2025-02-10 16:34:40 INFO  - HV000001: Hibernate Validator 8.0.2.Final
2025-02-10 16:34:40 INFO  - Starting DormApp using Java 17.0.14 with PID 14176 (C:\Users\Me\IdeaProjects\tsaousis-final\build\classes\java\main started by Me in C:\Users\Me\IdeaProjects\tsaousis-final)
2025-02-10 16:34:40 INFO  - The following 1 profile is active: "test"
2025-02-10 16:34:42 INFO  - Bootstrapping Spring Data JPA repositories in DEFAULT mode.
2025-02-10 16:34:42 INFO  - Finished Spring Data repository scanning in 130 ms. Found 5 JPA repository interfaces.
2025-02-10 16:34:44 INFO  - Tomcat initialized with port 8080 (http)
2025-02-10 16:34:44 INFO  - Root WebApplicationContext: initialization completed in 3807 ms
2025-02-10 16:34:45 INFO  - HHH000412: Hibernate ORM core version 6.6.4.Final
2025-02-10 16:34:45 INFO  - HHH000026: Second-level cache disabled
2025-02-10 16:34:45 INFO  - No LoadTimeWeaver setup: ignoring JPA class transformer
2025-02-10 16:34:46 INFO  - HHH10001005: Database info:
	Database JDBC URL [Connecting through datasource 'HikariDataSource (HikariPool-1)']
	Database driver: undefined/unknown
	Database version: 8.0.38
	Autocommit mode: undefined/unknown
	Isolation level: undefined/unknown
	Minimum pool size: undefined/unknown
	Maximum pool size: undefined/unknown
2025-02-10 16:34:49 INFO  - HHH000489: No JTA platform available (set 'hibernate.transaction.jta.platform' to enable JTA platform integration)
2025-02-10 16:34:49 INFO  - Initialized JPA EntityManagerFactory for persistence unit 'default'
2025-02-10 16:34:50 INFO  - Global AuthenticationManager configured with UserDetailsService bean with name customUserDetailsService
2025-02-10 16:34:50 WARN  - spring.jpa.open-in-view is enabled by default. Therefore, database queries may be performed during view rendering. Explicitly configure spring.jpa.open-in-view to disable this warning
2025-02-10 16:34:51 INFO  - Tomcat started on port 8080 (http) with context path '/'
2025-02-10 16:34:51 INFO  - Started DormApp in 12.543 seconds (process running for 13.398)
2025-02-10 16:41:30 INFO  - Initializing Servlet 'dispatcherServlet'
2025-02-10 16:41:30 INFO  - Completed initialization in 5 ms
2025-02-10 16:43:31 INFO  - HV000001: Hibernate Validator 8.0.2.Final
2025-02-10 16:43:31 INFO  - Starting DormApp using Java 17.0.14 with PID 11840 (C:\Users\Me\IdeaProjects\tsaousis-final\build\classes\java\main started by Me in C:\Users\Me\IdeaProjects\tsaousis-final)
2025-02-10 16:43:31 INFO  - The following 1 profile is active: "test"
2025-02-10 16:43:33 INFO  - Bootstrapping Spring Data JPA repositories in DEFAULT mode.
2025-02-10 16:43:33 INFO  - Finished Spring Data repository scanning in 129 ms. Found 5 JPA repository interfaces.
2025-02-10 16:43:34 INFO  - Tomcat initialized with port 8080 (http)
2025-02-10 16:43:34 INFO  - Root WebApplicationContext: initialization completed in 3294 ms
2025-02-10 16:43:35 INFO  - HHH000412: Hibernate ORM core version 6.6.4.Final
2025-02-10 16:43:35 INFO  - HHH000026: Second-level cache disabled
2025-02-10 16:43:35 INFO  - No LoadTimeWeaver setup: ignoring JPA class transformer
2025-02-10 16:43:36 INFO  - HHH10001005: Database info:
	Database JDBC URL [Connecting through datasource 'HikariDataSource (HikariPool-1)']
	Database driver: undefined/unknown
	Database version: 8.0.38
	Autocommit mode: undefined/unknown
	Isolation level: undefined/unknown
	Minimum pool size: undefined/unknown
	Maximum pool size: undefined/unknown
2025-02-10 16:43:38 INFO  - HHH000489: No JTA platform available (set 'hibernate.transaction.jta.platform' to enable JTA platform integration)
2025-02-10 16:43:38 INFO  - Initialized JPA EntityManagerFactory for persistence unit 'default'
2025-02-10 16:43:39 INFO  - Global AuthenticationManager configured with UserDetailsService bean with name customUserDetailsService
2025-02-10 16:43:39 WARN  - spring.jpa.open-in-view is enabled by default. Therefore, database queries may be performed during view rendering. Explicitly configure spring.jpa.open-in-view to disable this warning
2025-02-10 16:43:41 INFO  - Tomcat started on port 8080 (http) with context path '/'
2025-02-10 16:43:41 INFO  - Started DormApp in 10.983 seconds (process running for 11.816)
2025-02-10 16:43:51 INFO  - Initializing Servlet 'dispatcherServlet'
2025-02-10 16:43:51 INFO  - Completed initialization in 3 ms
2025-02-10 17:04:54 INFO  - User authenticated
2025-02-10 17:24:04 INFO  - User authenticated
2025-02-10 17:28:47 INFO  - User authenticated
2025-02-10 17:31:47 INFO  - User authenticated
2025-02-10 17:32:56 INFO  - User authenticated
2025-02-10 17:34:15 INFO  - User authenticated
2025-02-10 17:56:37 INFO  - HV000001: Hibernate Validator 8.0.2.Final
2025-02-10 17:56:38 INFO  - Starting DormApp using Java 17.0.14 with PID 15996 (C:\Users\Me\IdeaProjects\tsaousis-final\build\classes\java\main started by Me in C:\Users\Me\IdeaProjects\tsaousis-final)
2025-02-10 17:56:38 INFO  - The following 1 profile is active: "test"
2025-02-10 17:56:39 INFO  - Bootstrapping Spring Data JPA repositories in DEFAULT mode.
2025-02-10 17:56:39 INFO  - Finished Spring Data repository scanning in 119 ms. Found 5 JPA repository interfaces.
2025-02-10 17:56:41 INFO  - Tomcat initialized with port 8080 (http)
2025-02-10 17:56:41 INFO  - Root WebApplicationContext: initialization completed in 3044 ms
2025-02-10 17:56:41 INFO  - HHH000412: Hibernate ORM core version 6.6.4.Final
2025-02-10 17:56:41 INFO  - HHH000026: Second-level cache disabled
2025-02-10 17:56:42 INFO  - No LoadTimeWeaver setup: ignoring JPA class transformer
2025-02-10 17:56:42 INFO  - HHH10001005: Database info:
	Database JDBC URL [Connecting through datasource 'HikariDataSource (HikariPool-1)']
	Database driver: undefined/unknown
	Database version: 8.0.38
	Autocommit mode: undefined/unknown
	Isolation level: undefined/unknown
	Minimum pool size: undefined/unknown
	Maximum pool size: undefined/unknown
2025-02-10 17:56:44 INFO  - HHH000489: No JTA platform available (set 'hibernate.transaction.jta.platform' to enable JTA platform integration)
2025-02-10 17:56:45 INFO  - Initialized JPA EntityManagerFactory for persistence unit 'default'
2025-02-10 17:56:45 INFO  - Global AuthenticationManager configured with UserDetailsService bean with name customUserDetailsService
2025-02-10 17:56:45 WARN  - spring.jpa.open-in-view is enabled by default. Therefore, database queries may be performed during view rendering. Explicitly configure spring.jpa.open-in-view to disable this warning
2025-02-10 17:56:47 INFO  - Tomcat started on port 8080 (http) with context path '/'
2025-02-10 17:56:47 INFO  - Started DormApp in 10.253 seconds (process running for 10.921)
2025-02-10 17:57:30 INFO  - Initializing Servlet 'dispatcherServlet'
2025-02-10 17:57:30 INFO  - Completed initialization in 5 ms
2025-02-10 17:57:30 INFO  - Fetching all rooms
2025-02-10 17:57:30 INFO  - Successfully fetched 15 rooms
2025-02-10 18:08:23 INFO  - HV000001: Hibernate Validator 8.0.2.Final
2025-02-10 18:08:24 INFO  - Starting DormApp using Java 17.0.14 with PID 13180 (C:\Users\Me\IdeaProjects\tsaousis-final\build\classes\java\main started by Me in C:\Users\Me\IdeaProjects\tsaousis-final)
2025-02-10 18:08:24 INFO  - The following 1 profile is active: "test"
2025-02-10 18:08:26 INFO  - Bootstrapping Spring Data JPA repositories in DEFAULT mode.
2025-02-10 18:08:26 INFO  - Finished Spring Data repository scanning in 232 ms. Found 5 JPA repository interfaces.
2025-02-10 18:08:29 INFO  - Tomcat initialized with port 8080 (http)
2025-02-10 18:08:29 INFO  - Root WebApplicationContext: initialization completed in 5056 ms
2025-02-10 18:08:29 INFO  - HHH000412: Hibernate ORM core version 6.6.4.Final
2025-02-10 18:08:29 INFO  - HHH000026: Second-level cache disabled
2025-02-10 18:08:30 INFO  - No LoadTimeWeaver setup: ignoring JPA class transformer
2025-02-10 18:08:31 INFO  - HHH10001005: Database info:
	Database JDBC URL [Connecting through datasource 'HikariDataSource (HikariPool-1)']
	Database driver: undefined/unknown
	Database version: 8.0.38
	Autocommit mode: undefined/unknown
	Isolation level: undefined/unknown
	Minimum pool size: undefined/unknown
	Maximum pool size: undefined/unknown
2025-02-10 18:08:34 INFO  - HHH000489: No JTA platform available (set 'hibernate.transaction.jta.platform' to enable JTA platform integration)
2025-02-10 18:08:34 INFO  - Initialized JPA EntityManagerFactory for persistence unit 'default'
2025-02-10 18:08:35 INFO  - Global AuthenticationManager configured with UserDetailsService bean with name customUserDetailsService
2025-02-10 18:08:36 WARN  - spring.jpa.open-in-view is enabled by default. Therefore, database queries may be performed during view rendering. Explicitly configure spring.jpa.open-in-view to disable this warning
2025-02-10 18:08:37 INFO  - Tomcat started on port 8080 (http) with context path '/'
2025-02-10 18:08:37 INFO  - Started DormApp in 15.182 seconds (process running for 16.471)
2025-02-10 18:08:45 INFO  - Initializing Servlet 'dispatcherServlet'
2025-02-10 18:08:45 INFO  - Completed initialization in 3 ms
2025-02-10 18:08:45 INFO  - Fetching students in room with ID 2
2025-02-10 18:08:45 INFO  - Found 2 students in room with ID 2
