2025-02-11 20:03:38 DEBUG com.zaxxer.hikari.HikariConfig - Driver class com.mysql.cj.jdbc.Driver found in Thread context class loader TomcatEmbeddedWebappClassLoader
  context: ROOT
  delegate: true
----------> Parent Classloader:
jdk.internal.loader.ClassLoaders$AppClassLoader@4e0e2f2a

2025-02-11 20:03:39 DEBUG com.zaxxer.hikari.HikariConfig - HikariPool-1 - configuration:
2025-02-11 20:03:39 DEBUG com.zaxxer.hikari.HikariConfig - allowPoolSuspension.............false
2025-02-11 20:03:39 DEBUG com.zaxxer.hikari.HikariConfig - autoCommit......................true
2025-02-11 20:03:39 DEBUG com.zaxxer.hikari.HikariConfig - catalog.........................none
2025-02-11 20:03:39 DEBUG com.zaxxer.hikari.HikariConfig - connectionInitSql...............none
2025-02-11 20:03:39 DEBUG com.zaxxer.hikari.HikariConfig - connectionTestQuery.............none
2025-02-11 20:03:39 DEBUG com.zaxxer.hikari.HikariConfig - connectionTimeout...............30000
2025-02-11 20:03:39 DEBUG com.zaxxer.hikari.HikariConfig - dataSource......................none
2025-02-11 20:03:39 DEBUG com.zaxxer.hikari.HikariConfig - dataSourceClassName.............none
2025-02-11 20:03:39 DEBUG com.zaxxer.hikari.HikariConfig - dataSourceJNDI..................none
2025-02-11 20:03:39 DEBUG com.zaxxer.hikari.HikariConfig - dataSourceProperties............{password=<masked>}
2025-02-11 20:03:39 DEBUG com.zaxxer.hikari.HikariConfig - driverClassName................."com.mysql.cj.jdbc.Driver"
2025-02-11 20:03:39 DEBUG com.zaxxer.hikari.HikariConfig - exceptionOverrideClassName......none
2025-02-11 20:03:39 DEBUG com.zaxxer.hikari.HikariConfig - healthCheckProperties...........{}
2025-02-11 20:03:39 DEBUG com.zaxxer.hikari.HikariConfig - healthCheckRegistry.............none
2025-02-11 20:03:39 DEBUG com.zaxxer.hikari.HikariConfig - idleTimeout.....................600000
2025-02-11 20:03:39 DEBUG com.zaxxer.hikari.HikariConfig - initializationFailTimeout.......1
2025-02-11 20:03:39 DEBUG com.zaxxer.hikari.HikariConfig - isolateInternalQueries..........false
2025-02-11 20:03:39 DEBUG com.zaxxer.hikari.HikariConfig - jdbcUrl.........................jdbc:mysql://localhost:3306/dormapptest?serverTimezone=UTC
2025-02-11 20:03:39 DEBUG com.zaxxer.hikari.HikariConfig - keepaliveTime...................0
2025-02-11 20:03:39 DEBUG com.zaxxer.hikari.HikariConfig - leakDetectionThreshold..........0
2025-02-11 20:03:39 DEBUG com.zaxxer.hikari.HikariConfig - maxLifetime.....................1800000
2025-02-11 20:03:39 DEBUG com.zaxxer.hikari.HikariConfig - maximumPoolSize.................10
2025-02-11 20:03:39 DEBUG com.zaxxer.hikari.HikariConfig - metricRegistry..................none
2025-02-11 20:03:39 DEBUG com.zaxxer.hikari.HikariConfig - metricsTrackerFactory...........none
2025-02-11 20:03:39 DEBUG com.zaxxer.hikari.HikariConfig - minimumIdle.....................10
2025-02-11 20:03:39 DEBUG com.zaxxer.hikari.HikariConfig - password........................<masked>
2025-02-11 20:03:39 DEBUG com.zaxxer.hikari.HikariConfig - poolName........................"HikariPool-1"
2025-02-11 20:03:39 DEBUG com.zaxxer.hikari.HikariConfig - readOnly........................false
2025-02-11 20:03:39 DEBUG com.zaxxer.hikari.HikariConfig - registerMbeans..................false
2025-02-11 20:03:39 DEBUG com.zaxxer.hikari.HikariConfig - scheduledExecutor...............none
2025-02-11 20:03:39 DEBUG com.zaxxer.hikari.HikariConfig - schema..........................none
2025-02-11 20:03:39 DEBUG com.zaxxer.hikari.HikariConfig - threadFactory...................internal
2025-02-11 20:03:39 DEBUG com.zaxxer.hikari.HikariConfig - transactionIsolation............default
2025-02-11 20:03:39 DEBUG com.zaxxer.hikari.HikariConfig - username........................"springuser"
2025-02-11 20:03:39 DEBUG com.zaxxer.hikari.HikariConfig - validationTimeout...............5000
2025-02-11 20:03:39 INFO  com.zaxxer.hikari.HikariDataSource - HikariPool-1 - Starting...
2025-02-11 20:03:40 INFO  com.zaxxer.hikari.pool.HikariPool - HikariPool-1 - Added connection com.mysql.cj.jdbc.ConnectionImpl@2f166d61
2025-02-11 20:03:40 INFO  com.zaxxer.hikari.HikariDataSource - HikariPool-1 - Start completed.
2025-02-11 20:03:40 DEBUG com.zaxxer.hikari.pool.HikariPool - HikariPool-1 - Pool stats (total=1, active=1, idle=0, waiting=0)
2025-02-11 20:03:40 DEBUG com.zaxxer.hikari.pool.HikariPool - HikariPool-1 - Added connection com.mysql.cj.jdbc.ConnectionImpl@61d54a38
2025-02-11 20:03:40 DEBUG com.zaxxer.hikari.pool.HikariPool - HikariPool-1 - After adding stats (total=2, active=0, idle=2, waiting=0)
2025-02-11 20:03:40 DEBUG com.zaxxer.hikari.pool.HikariPool - HikariPool-1 - Added connection com.mysql.cj.jdbc.ConnectionImpl@1fab577
2025-02-11 20:03:40 DEBUG com.zaxxer.hikari.pool.HikariPool - HikariPool-1 - After adding stats (total=3, active=0, idle=3, waiting=0)
2025-02-11 20:03:40 DEBUG com.zaxxer.hikari.pool.HikariPool - HikariPool-1 - Added connection com.mysql.cj.jdbc.ConnectionImpl@3677838f
2025-02-11 20:03:40 DEBUG com.zaxxer.hikari.pool.HikariPool - HikariPool-1 - After adding stats (total=4, active=0, idle=4, waiting=0)
2025-02-11 20:03:40 DEBUG com.zaxxer.hikari.pool.HikariPool - HikariPool-1 - Added connection com.mysql.cj.jdbc.ConnectionImpl@5b4c834
2025-02-11 20:03:40 DEBUG com.zaxxer.hikari.pool.HikariPool - HikariPool-1 - After adding stats (total=5, active=0, idle=5, waiting=0)
2025-02-11 20:03:41 DEBUG com.zaxxer.hikari.pool.HikariPool - HikariPool-1 - Added connection com.mysql.cj.jdbc.ConnectionImpl@3e5d0c3a
2025-02-11 20:03:41 DEBUG com.zaxxer.hikari.pool.HikariPool - HikariPool-1 - After adding stats (total=6, active=0, idle=6, waiting=0)
2025-02-11 20:03:41 DEBUG com.zaxxer.hikari.pool.HikariPool - HikariPool-1 - Added connection com.mysql.cj.jdbc.ConnectionImpl@40949673
2025-02-11 20:03:41 DEBUG com.zaxxer.hikari.pool.HikariPool - HikariPool-1 - After adding stats (total=7, active=0, idle=7, waiting=0)
2025-02-11 20:03:41 DEBUG com.zaxxer.hikari.pool.HikariPool - HikariPool-1 - Added connection com.mysql.cj.jdbc.ConnectionImpl@46c4d499
2025-02-11 20:03:41 DEBUG com.zaxxer.hikari.pool.HikariPool - HikariPool-1 - After adding stats (total=8, active=0, idle=8, waiting=0)
2025-02-11 20:03:41 DEBUG com.zaxxer.hikari.pool.HikariPool - HikariPool-1 - Added connection com.mysql.cj.jdbc.ConnectionImpl@510cb4fd
2025-02-11 20:03:41 DEBUG com.zaxxer.hikari.pool.HikariPool - HikariPool-1 - After adding stats (total=9, active=0, idle=9, waiting=0)
2025-02-11 20:03:41 DEBUG com.zaxxer.hikari.pool.HikariPool - HikariPool-1 - Added connection com.mysql.cj.jdbc.ConnectionImpl@5070bf5b
2025-02-11 20:03:41 DEBUG com.zaxxer.hikari.pool.HikariPool - HikariPool-1 - After adding stats (total=10, active=0, idle=10, waiting=0)
2025-02-11 20:03:41 DEBUG com.zaxxer.hikari.pool.HikariPool - HikariPool-1 - Connection not added, stats (total=10, active=0, idle=10, waiting=0)
2025-02-11 20:04:10 DEBUG com.zaxxer.hikari.pool.HikariPool - HikariPool-1 - Pool stats (total=10, active=0, idle=10, waiting=0)
2025-02-11 20:04:10 DEBUG com.zaxxer.hikari.pool.HikariPool - HikariPool-1 - Fill pool skipped, pool has sufficient level or currently being filled.
2025-02-11 20:04:40 DEBUG com.zaxxer.hikari.pool.HikariPool - HikariPool-1 - Pool stats (total=10, active=0, idle=10, waiting=0)
2025-02-11 20:04:40 DEBUG com.zaxxer.hikari.pool.HikariPool - HikariPool-1 - Fill pool skipped, pool has sufficient level or currently being filled.
2025-02-11 20:05:10 DEBUG com.zaxxer.hikari.pool.HikariPool - HikariPool-1 - Pool stats (total=10, active=0, idle=10, waiting=0)
2025-02-11 20:05:10 DEBUG com.zaxxer.hikari.pool.HikariPool - HikariPool-1 - Fill pool skipped, pool has sufficient level or currently being filled.
2025-02-11 20:05:40 DEBUG com.zaxxer.hikari.pool.HikariPool - HikariPool-1 - Pool stats (total=10, active=0, idle=10, waiting=0)
2025-02-11 20:05:40 DEBUG com.zaxxer.hikari.pool.HikariPool - HikariPool-1 - Fill pool skipped, pool has sufficient level or currently being filled.
2025-02-11 20:12:02 DEBUG com.zaxxer.hikari.HikariConfig - Driver class com.mysql.cj.jdbc.Driver found in Thread context class loader TomcatEmbeddedWebappClassLoader
  context: ROOT
  delegate: true
----------> Parent Classloader:
jdk.internal.loader.ClassLoaders$AppClassLoader@4e0e2f2a

2025-02-11 20:12:03 DEBUG com.zaxxer.hikari.HikariConfig - HikariPool-1 - configuration:
2025-02-11 20:12:03 DEBUG com.zaxxer.hikari.HikariConfig - allowPoolSuspension.............false
2025-02-11 20:12:03 DEBUG com.zaxxer.hikari.HikariConfig - autoCommit......................true
2025-02-11 20:12:03 DEBUG com.zaxxer.hikari.HikariConfig - catalog.........................none
2025-02-11 20:12:03 DEBUG com.zaxxer.hikari.HikariConfig - connectionInitSql...............none
2025-02-11 20:12:03 DEBUG com.zaxxer.hikari.HikariConfig - connectionTestQuery.............none
2025-02-11 20:12:03 DEBUG com.zaxxer.hikari.HikariConfig - connectionTimeout...............30000
2025-02-11 20:12:03 DEBUG com.zaxxer.hikari.HikariConfig - dataSource......................none
2025-02-11 20:12:03 DEBUG com.zaxxer.hikari.HikariConfig - dataSourceClassName.............none
2025-02-11 20:12:03 DEBUG com.zaxxer.hikari.HikariConfig - dataSourceJNDI..................none
2025-02-11 20:12:03 DEBUG com.zaxxer.hikari.HikariConfig - dataSourceProperties............{password=<masked>}
2025-02-11 20:12:03 DEBUG com.zaxxer.hikari.HikariConfig - driverClassName................."com.mysql.cj.jdbc.Driver"
2025-02-11 20:12:03 DEBUG com.zaxxer.hikari.HikariConfig - exceptionOverrideClassName......none
2025-02-11 20:12:03 DEBUG com.zaxxer.hikari.HikariConfig - healthCheckProperties...........{}
2025-02-11 20:12:03 DEBUG com.zaxxer.hikari.HikariConfig - healthCheckRegistry.............none
2025-02-11 20:12:03 DEBUG com.zaxxer.hikari.HikariConfig - idleTimeout.....................600000
2025-02-11 20:12:03 DEBUG com.zaxxer.hikari.HikariConfig - initializationFailTimeout.......1
2025-02-11 20:12:03 DEBUG com.zaxxer.hikari.HikariConfig - isolateInternalQueries..........false
2025-02-11 20:12:03 DEBUG com.zaxxer.hikari.HikariConfig - jdbcUrl.........................jdbc:mysql://localhost:3306/dormapptest?serverTimezone=UTC
2025-02-11 20:12:03 DEBUG com.zaxxer.hikari.HikariConfig - keepaliveTime...................0
2025-02-11 20:12:03 DEBUG com.zaxxer.hikari.HikariConfig - leakDetectionThreshold..........0
2025-02-11 20:12:03 DEBUG com.zaxxer.hikari.HikariConfig - maxLifetime.....................1800000
2025-02-11 20:12:03 DEBUG com.zaxxer.hikari.HikariConfig - maximumPoolSize.................10
2025-02-11 20:12:03 DEBUG com.zaxxer.hikari.HikariConfig - metricRegistry..................none
2025-02-11 20:12:03 DEBUG com.zaxxer.hikari.HikariConfig - metricsTrackerFactory...........none
2025-02-11 20:12:03 DEBUG com.zaxxer.hikari.HikariConfig - minimumIdle.....................10
2025-02-11 20:12:03 DEBUG com.zaxxer.hikari.HikariConfig - password........................<masked>
2025-02-11 20:12:03 DEBUG com.zaxxer.hikari.HikariConfig - poolName........................"HikariPool-1"
2025-02-11 20:12:03 DEBUG com.zaxxer.hikari.HikariConfig - readOnly........................false
2025-02-11 20:12:03 DEBUG com.zaxxer.hikari.HikariConfig - registerMbeans..................false
2025-02-11 20:12:03 DEBUG com.zaxxer.hikari.HikariConfig - scheduledExecutor...............none
2025-02-11 20:12:03 DEBUG com.zaxxer.hikari.HikariConfig - schema..........................none
2025-02-11 20:12:03 DEBUG com.zaxxer.hikari.HikariConfig - threadFactory...................internal
2025-02-11 20:12:03 DEBUG com.zaxxer.hikari.HikariConfig - transactionIsolation............default
2025-02-11 20:12:03 DEBUG com.zaxxer.hikari.HikariConfig - username........................"springuser"
2025-02-11 20:12:03 DEBUG com.zaxxer.hikari.HikariConfig - validationTimeout...............5000
2025-02-11 20:12:03 INFO  com.zaxxer.hikari.HikariDataSource - HikariPool-1 - Starting...
2025-02-11 20:12:03 INFO  com.zaxxer.hikari.pool.HikariPool - HikariPool-1 - Added connection com.mysql.cj.jdbc.ConnectionImpl@73da303e
2025-02-11 20:12:03 INFO  com.zaxxer.hikari.HikariDataSource - HikariPool-1 - Start completed.
2025-02-11 20:12:04 DEBUG com.zaxxer.hikari.pool.HikariPool - HikariPool-1 - Pool stats (total=1, active=1, idle=0, waiting=0)
2025-02-11 20:12:04 DEBUG com.zaxxer.hikari.pool.HikariPool - HikariPool-1 - Added connection com.mysql.cj.jdbc.ConnectionImpl@27450ec2
2025-02-11 20:12:04 DEBUG com.zaxxer.hikari.pool.HikariPool - HikariPool-1 - After adding stats (total=2, active=1, idle=1, waiting=0)
2025-02-11 20:12:04 DEBUG com.zaxxer.hikari.pool.HikariPool - HikariPool-1 - Added connection com.mysql.cj.jdbc.ConnectionImpl@476af18d
2025-02-11 20:12:04 DEBUG com.zaxxer.hikari.pool.HikariPool - HikariPool-1 - After adding stats (total=3, active=0, idle=3, waiting=0)
2025-02-11 20:12:04 DEBUG com.zaxxer.hikari.pool.HikariPool - HikariPool-1 - Added connection com.mysql.cj.jdbc.ConnectionImpl@2d50db5c
2025-02-11 20:12:04 DEBUG com.zaxxer.hikari.pool.HikariPool - HikariPool-1 - After adding stats (total=4, active=0, idle=4, waiting=0)
2025-02-11 20:12:04 DEBUG com.zaxxer.hikari.pool.HikariPool - HikariPool-1 - Added connection com.mysql.cj.jdbc.ConnectionImpl@4324ca4e
2025-02-11 20:12:04 DEBUG com.zaxxer.hikari.pool.HikariPool - HikariPool-1 - After adding stats (total=5, active=0, idle=5, waiting=0)
2025-02-11 20:12:04 DEBUG com.zaxxer.hikari.pool.HikariPool - HikariPool-1 - Added connection com.mysql.cj.jdbc.ConnectionImpl@25e4ad23
2025-02-11 20:12:04 DEBUG com.zaxxer.hikari.pool.HikariPool - HikariPool-1 - After adding stats (total=6, active=0, idle=6, waiting=0)
2025-02-11 20:12:04 DEBUG com.zaxxer.hikari.pool.HikariPool - HikariPool-1 - Added connection com.mysql.cj.jdbc.ConnectionImpl@69a6d85
2025-02-11 20:12:04 DEBUG com.zaxxer.hikari.pool.HikariPool - HikariPool-1 - After adding stats (total=7, active=0, idle=7, waiting=0)
2025-02-11 20:12:04 DEBUG com.zaxxer.hikari.pool.HikariPool - HikariPool-1 - Added connection com.mysql.cj.jdbc.ConnectionImpl@20180523
2025-02-11 20:12:04 DEBUG com.zaxxer.hikari.pool.HikariPool - HikariPool-1 - After adding stats (total=8, active=0, idle=8, waiting=0)
2025-02-11 20:12:04 DEBUG com.zaxxer.hikari.pool.HikariPool - HikariPool-1 - Added connection com.mysql.cj.jdbc.ConnectionImpl@5b747f07
2025-02-11 20:12:04 DEBUG com.zaxxer.hikari.pool.HikariPool - HikariPool-1 - After adding stats (total=9, active=0, idle=9, waiting=0)
2025-02-11 20:12:04 DEBUG com.zaxxer.hikari.pool.HikariPool - HikariPool-1 - Added connection com.mysql.cj.jdbc.ConnectionImpl@32f49b35
2025-02-11 20:12:04 DEBUG com.zaxxer.hikari.pool.HikariPool - HikariPool-1 - After adding stats (total=10, active=0, idle=10, waiting=0)
2025-02-11 20:12:04 DEBUG com.zaxxer.hikari.pool.HikariPool - HikariPool-1 - Connection not added, stats (total=10, active=0, idle=10, waiting=0)
2025-02-11 20:12:34 DEBUG com.zaxxer.hikari.pool.HikariPool - HikariPool-1 - Pool stats (total=10, active=0, idle=10, waiting=0)
2025-02-11 20:12:34 DEBUG com.zaxxer.hikari.pool.HikariPool - HikariPool-1 - Fill pool skipped, pool has sufficient level or currently being filled.
2025-02-11 20:13:04 DEBUG com.zaxxer.hikari.pool.HikariPool - HikariPool-1 - Pool stats (total=10, active=0, idle=10, waiting=0)
2025-02-11 20:13:04 DEBUG com.zaxxer.hikari.pool.HikariPool - HikariPool-1 - Fill pool skipped, pool has sufficient level or currently being filled.
2025-02-11 20:13:34 DEBUG com.zaxxer.hikari.pool.HikariPool - HikariPool-1 - Pool stats (total=10, active=0, idle=10, waiting=0)
2025-02-11 20:13:34 DEBUG com.zaxxer.hikari.pool.HikariPool - HikariPool-1 - Fill pool skipped, pool has sufficient level or currently being filled.
2025-02-11 20:14:04 DEBUG com.zaxxer.hikari.pool.HikariPool - HikariPool-1 - Pool stats (total=10, active=0, idle=10, waiting=0)
2025-02-11 20:14:04 DEBUG com.zaxxer.hikari.pool.HikariPool - HikariPool-1 - Fill pool skipped, pool has sufficient level or currently being filled.
2025-02-11 20:14:34 DEBUG com.zaxxer.hikari.pool.HikariPool - HikariPool-1 - Pool stats (total=10, active=0, idle=10, waiting=0)
2025-02-11 20:14:34 DEBUG com.zaxxer.hikari.pool.HikariPool - HikariPool-1 - Fill pool skipped, pool has sufficient level or currently being filled.
2025-02-11 20:15:04 DEBUG com.zaxxer.hikari.pool.HikariPool - HikariPool-1 - Pool stats (total=10, active=0, idle=10, waiting=0)
2025-02-11 20:15:04 DEBUG com.zaxxer.hikari.pool.HikariPool - HikariPool-1 - Fill pool skipped, pool has sufficient level or currently being filled.
2025-02-11 20:15:34 DEBUG com.zaxxer.hikari.pool.HikariPool - HikariPool-1 - Pool stats (total=10, active=0, idle=10, waiting=0)
2025-02-11 20:15:34 DEBUG com.zaxxer.hikari.pool.HikariPool - HikariPool-1 - Fill pool skipped, pool has sufficient level or currently being filled.
