2025-02-08 19:05:58 DEBUG o.a.c.core.AprLifecycleListener - The Apache Tomcat Native library could not be found using names [tcnative-2, libtcnative-2, tcnative-1, libtcnative-1] on the java.library.path [C:\Program Files\Amazon Corretto\jdk17.0.14_7\bin;C:\WINDOWS\Sun\Java\bin;C:\WINDOWS\system32;C:\WINDOWS;C:\Program Files\Git\mingw64\bin;C:\Program Files\Git\usr\bin;C:\Users\Me\bin;C:\Program Files\Amazon Corretto\jdk21.0.6_7\bin;C:\Program Files\Amazon Corretto\jdk21.0.6_7\bin;C:\Program Files\Amazon Corretto\jdk17.0.14_7\bin;C:\Program Files\Amazon Corretto\jdk11.0.25_9\bin;C:\Program Files\Amazon Corretto\jdk17.0.13_11\bin;C:\Program Files\Amazon Corretto\jdk17.0.12_7\bin;C:\Program Files\Amazon Corretto\jdk21.0.4_7\bin;C:\Program Files\Amazon Corretto\jdk11.0.22_7\bin;C:\WINDOWS\system32;C:\WINDOWS;C:\WINDOWS\System32\Wbem;C:\WINDOWS\System32\WindowsPowerShell\v1.0;C:\WINDOWS\System32\OpenSSH;C:\Program Files (x86)\Boxcryptor\bin;C:\Program Files\dotnet;C:\Program Files (x86)\Microsoft SQL Server\160\Tools\Binn;C:\Program Files\Microsoft SQL Server\160\Tools\Binn;C:\Program Files\Microsoft SQL Server\Client SDK\ODBC\170\Tools\Binn;C:\Program Files\Microsoft SQL Server\160\DTS\Binn;C:\Program Files (x86)\Microsoft SQL Server\160\DTS\Binn;C:\Program Files\nodejs;C:\Program Files\Microsoft SQL Server\150\Tools\Binn;C:\Program Files (x86)\Windows Kits\10\Windows Performance Toolkit;C:\ProgramData\chocolatey\bin;C:\Program Files\PostgreSQL\16\bin;C:\Program Files\apache-maven-3.9.8-bin\apache-maven-3.9.8\bin;C:\Gradle\gradle-8.10.2\bin;C:\Program Files\Git\usr\bin;C:\Program Files\Docker\Docker\resources\bin;C:\Users\Me\AppData\Local\Programs\Python\Python313\Scripts;C:\Users\Me\AppData\Local\Programs\Python\Python313;C:\Program Files\MySQL\MySQL Shell 8.0\bin;C:\Users\Me\AppData\Local\Programs\Python\Python312\Scripts;C:\Users\Me\AppData\Local\Programs\Python\Python312;C:\Users\Me\AppData\Local\Programs\Python\Python311\Scripts;C:\Users\Me\AppData\Local\Programs\Python\Python311;C:\Users\Me\AppData\Local\Programs\Python\Python39\Scripts;C:\Users\Me\AppData\Local\Programs\Python\Python39;C:\Users\Me\AppData\Local\Microsoft\WindowsApps;C:\Users\Me\AppData\Local\Programs\Microsoft VS Code\bin;C:\Users\Me\AppData\Roaming\npm;C:\Users\Me\.dotnet\tools;.]. The errors reported were [Can't load library: C:\Users\Me\IdeaProjects\tsaousis-final\bin\tcnative-2.dll, Can't load library: C:\Users\Me\IdeaProjects\tsaousis-final\bin\libtcnative-2.dll, Can't load library: C:\Users\Me\IdeaProjects\tsaousis-final\bin\tcnative-1.dll, Can't load library: C:\Users\Me\IdeaProjects\tsaousis-final\bin\libtcnative-1.dll, no tcnative-2 in java.library.path: C:\Program Files\Amazon Corretto\jdk17.0.14_7\bin;C:\WINDOWS\Sun\Java\bin;C:\WINDOWS\system32;C:\WINDOWS;C:\Program Files\Git\mingw64\bin;C:\Program Files\Git\usr\bin;C:\Users\Me\bin;C:\Program Files\Amazon Corretto\jdk21.0.6_7\bin;C:\Program Files\Amazon Corretto\jdk21.0.6_7\bin;C:\Program Files\Amazon Corretto\jdk17.0.14_7\bin;C:\Program Files\Amazon Corretto\jdk11.0.25_9\bin;C:\Program Files\Amazon Corretto\jdk17.0.13_11\bin;C:\Program Files\Amazon Corretto\jdk17.0.12_7\bin;C:\Program Files\Amazon Corretto\jdk21.0.4_7\bin;C:\Program Files\Amazon Corretto\jdk11.0.22_7\bin;C:\WINDOWS\system32;C:\WINDOWS;C:\WINDOWS\System32\Wbem;C:\WINDOWS\System32\WindowsPowerShell\v1.0;C:\WINDOWS\System32\OpenSSH;C:\Program Files (x86)\Boxcryptor\bin;C:\Program Files\dotnet;C:\Program Files (x86)\Microsoft SQL Server\160\Tools\Binn;C:\Program Files\Microsoft SQL Server\160\Tools\Binn;C:\Program Files\Microsoft SQL Server\Client SDK\ODBC\170\Tools\Binn;C:\Program Files\Microsoft SQL Server\160\DTS\Binn;C:\Program Files (x86)\Microsoft SQL Server\160\DTS\Binn;C:\Program Files\nodejs;C:\Program Files\Microsoft SQL Server\150\Tools\Binn;C:\Program Files (x86)\Windows Kits\10\Windows Performance Toolkit;C:\ProgramData\chocolatey\bin;C:\Program Files\PostgreSQL\16\bin;C:\Program Files\apache-maven-3.9.8-bin\apache-maven-3.9.8\bin;C:\Gradle\gradle-8.10.2\bin;C:\Program Files\Git\usr\bin;C:\Program Files\Docker\Docker\resources\bin;C:\Users\Me\AppData\Local\Programs\Python\Python313\Scripts;C:\Users\Me\AppData\Local\Programs\Python\Python313;C:\Program Files\MySQL\MySQL Shell 8.0\bin;C:\Users\Me\AppData\Local\Programs\Python\Python312\Scripts;C:\Users\Me\AppData\Local\Programs\Python\Python312;C:\Users\Me\AppData\Local\Programs\Python\Python311\Scripts;C:\Users\Me\AppData\Local\Programs\Python\Python311;C:\Users\Me\AppData\Local\Programs\Python\Python39\Scripts;C:\Users\Me\AppData\Local\Programs\Python\Python39;C:\Users\Me\AppData\Local\Microsoft\WindowsApps;C:\Users\Me\AppData\Local\Programs\Microsoft VS Code\bin;C:\Users\Me\AppData\Roaming\npm;C:\Users\Me\.dotnet\tools;., no libtcnative-2 in java.library.path: C:\Program Files\Amazon Corretto\jdk17.0.14_7\bin;C:\WINDOWS\Sun\Java\bin;C:\WINDOWS\system32;C:\WINDOWS;C:\Program Files\Git\mingw64\bin;C:\Program Files\Git\usr\bin;C:\Users\Me\bin;C:\Program Files\Amazon Corretto\jdk21.0.6_7\bin;C:\Program Files\Amazon Corretto\jdk21.0.6_7\bin;C:\Program Files\Amazon Corretto\jdk17.0.14_7\bin;C:\Program Files\Amazon Corretto\jdk11.0.25_9\bin;C:\Program Files\Amazon Corretto\jdk17.0.13_11\bin;C:\Program Files\Amazon Corretto\jdk17.0.12_7\bin;C:\Program Files\Amazon Corretto\jdk21.0.4_7\bin;C:\Program Files\Amazon Corretto\jdk11.0.22_7\bin;C:\WINDOWS\system32;C:\WINDOWS;C:\WINDOWS\System32\Wbem;C:\WINDOWS\System32\WindowsPowerShell\v1.0;C:\WINDOWS\System32\OpenSSH;C:\Program Files (x86)\Boxcryptor\bin;C:\Program Files\dotnet;C:\Program Files (x86)\Microsoft SQL Server\160\Tools\Binn;C:\Program Files\Microsoft SQL Server\160\Tools\Binn;C:\Program Files\Microsoft SQL Server\Client SDK\ODBC\170\Tools\Binn;C:\Program Files\Microsoft SQL Server\160\DTS\Binn;C:\Program Files (x86)\Microsoft SQL Server\160\DTS\Binn;C:\Program Files\nodejs;C:\Program Files\Microsoft SQL Server\150\Tools\Binn;C:\Program Files (x86)\Windows Kits\10\Windows Performance Toolkit;C:\ProgramData\chocolatey\bin;C:\Program Files\PostgreSQL\16\bin;C:\Program Files\apache-maven-3.9.8-bin\apache-maven-3.9.8\bin;C:\Gradle\gradle-8.10.2\bin;C:\Program Files\Git\usr\bin;C:\Program Files\Docker\Docker\resources\bin;C:\Users\Me\AppData\Local\Programs\Python\Python313\Scripts;C:\Users\Me\AppData\Local\Programs\Python\Python313;C:\Program Files\MySQL\MySQL Shell 8.0\bin;C:\Users\Me\AppData\Local\Programs\Python\Python312\Scripts;C:\Users\Me\AppData\Local\Programs\Python\Python312;C:\Users\Me\AppData\Local\Programs\Python\Python311\Scripts;C:\Users\Me\AppData\Local\Programs\Python\Python311;C:\Users\Me\AppData\Local\Programs\Python\Python39\Scripts;C:\Users\Me\AppData\Local\Programs\Python\Python39;C:\Users\Me\AppData\Local\Microsoft\WindowsApps;C:\Users\Me\AppData\Local\Programs\Microsoft VS Code\bin;C:\Users\Me\AppData\Roaming\npm;C:\Users\Me\.dotnet\tools;., no tcnative-1 in java.library.path: C:\Program Files\Amazon Corretto\jdk17.0.14_7\bin;C:\WINDOWS\Sun\Java\bin;C:\WINDOWS\system32;C:\WINDOWS;C:\Program Files\Git\mingw64\bin;C:\Program Files\Git\usr\bin;C:\Users\Me\bin;C:\Program Files\Amazon Corretto\jdk21.0.6_7\bin;C:\Program Files\Amazon Corretto\jdk21.0.6_7\bin;C:\Program Files\Amazon Corretto\jdk17.0.14_7\bin;C:\Program Files\Amazon Corretto\jdk11.0.25_9\bin;C:\Program Files\Amazon Corretto\jdk17.0.13_11\bin;C:\Program Files\Amazon Corretto\jdk17.0.12_7\bin;C:\Program Files\Amazon Corretto\jdk21.0.4_7\bin;C:\Program Files\Amazon Corretto\jdk11.0.22_7\bin;C:\WINDOWS\system32;C:\WINDOWS;C:\WINDOWS\System32\Wbem;C:\WINDOWS\System32\WindowsPowerShell\v1.0;C:\WINDOWS\System32\OpenSSH;C:\Program Files (x86)\Boxcryptor\bin;C:\Program Files\dotnet;C:\Program Files (x86)\Microsoft SQL Server\160\Tools\Binn;C:\Program Files\Microsoft SQL Server\160\Tools\Binn;C:\Program Files\Microsoft SQL Server\Client SDK\ODBC\170\Tools\Binn;C:\Program Files\Microsoft SQL Server\160\DTS\Binn;C:\Program Files (x86)\Microsoft SQL Server\160\DTS\Binn;C:\Program Files\nodejs;C:\Program Files\Microsoft SQL Server\150\Tools\Binn;C:\Program Files (x86)\Windows Kits\10\Windows Performance Toolkit;C:\ProgramData\chocolatey\bin;C:\Program Files\PostgreSQL\16\bin;C:\Program Files\apache-maven-3.9.8-bin\apache-maven-3.9.8\bin;C:\Gradle\gradle-8.10.2\bin;C:\Program Files\Git\usr\bin;C:\Program Files\Docker\Docker\resources\bin;C:\Users\Me\AppData\Local\Programs\Python\Python313\Scripts;C:\Users\Me\AppData\Local\Programs\Python\Python313;C:\Program Files\MySQL\MySQL Shell 8.0\bin;C:\Users\Me\AppData\Local\Programs\Python\Python312\Scripts;C:\Users\Me\AppData\Local\Programs\Python\Python312;C:\Users\Me\AppData\Local\Programs\Python\Python311\Scripts;C:\Users\Me\AppData\Local\Programs\Python\Python311;C:\Users\Me\AppData\Local\Programs\Python\Python39\Scripts;C:\Users\Me\AppData\Local\Programs\Python\Python39;C:\Users\Me\AppData\Local\Microsoft\WindowsApps;C:\Users\Me\AppData\Local\Programs\Microsoft VS Code\bin;C:\Users\Me\AppData\Roaming\npm;C:\Users\Me\.dotnet\tools;., no libtcnative-1 in java.library.path: C:\Program Files\Amazon Corretto\jdk17.0.14_7\bin;C:\WINDOWS\Sun\Java\bin;C:\WINDOWS\system32;C:\WINDOWS;C:\Program Files\Git\mingw64\bin;C:\Program Files\Git\usr\bin;C:\Users\Me\bin;C:\Program Files\Amazon Corretto\jdk21.0.6_7\bin;C:\Program Files\Amazon Corretto\jdk21.0.6_7\bin;C:\Program Files\Amazon Corretto\jdk17.0.14_7\bin;C:\Program Files\Amazon Corretto\jdk11.0.25_9\bin;C:\Program Files\Amazon Corretto\jdk17.0.13_11\bin;C:\Program Files\Amazon Corretto\jdk17.0.12_7\bin;C:\Program Files\Amazon Corretto\jdk21.0.4_7\bin;C:\Program Files\Amazon Corretto\jdk11.0.22_7\bin;C:\WINDOWS\system32;C:\WINDOWS;C:\WINDOWS\System32\Wbem;C:\WINDOWS\System32\WindowsPowerShell\v1.0;C:\WINDOWS\System32\OpenSSH;C:\Program Files (x86)\Boxcryptor\bin;C:\Program Files\dotnet;C:\Program Files (x86)\Microsoft SQL Server\160\Tools\Binn;C:\Program Files\Microsoft SQL Server\160\Tools\Binn;C:\Program Files\Microsoft SQL Server\Client SDK\ODBC\170\Tools\Binn;C:\Program Files\Microsoft SQL Server\160\DTS\Binn;C:\Program Files (x86)\Microsoft SQL Server\160\DTS\Binn;C:\Program Files\nodejs;C:\Program Files\Microsoft SQL Server\150\Tools\Binn;C:\Program Files (x86)\Windows Kits\10\Windows Performance Toolkit;C:\ProgramData\chocolatey\bin;C:\Program Files\PostgreSQL\16\bin;C:\Program Files\apache-maven-3.9.8-bin\apache-maven-3.9.8\bin;C:\Gradle\gradle-8.10.2\bin;C:\Program Files\Git\usr\bin;C:\Program Files\Docker\Docker\resources\bin;C:\Users\Me\AppData\Local\Programs\Python\Python313\Scripts;C:\Users\Me\AppData\Local\Programs\Python\Python313;C:\Program Files\MySQL\MySQL Shell 8.0\bin;C:\Users\Me\AppData\Local\Programs\Python\Python312\Scripts;C:\Users\Me\AppData\Local\Programs\Python\Python312;C:\Users\Me\AppData\Local\Programs\Python\Python311\Scripts;C:\Users\Me\AppData\Local\Programs\Python\Python311;C:\Users\Me\AppData\Local\Programs\Python\Python39\Scripts;C:\Users\Me\AppData\Local\Programs\Python\Python39;C:\Users\Me\AppData\Local\Microsoft\WindowsApps;C:\Users\Me\AppData\Local\Programs\Microsoft VS Code\bin;C:\Users\Me\AppData\Roaming\npm;C:\Users\Me\.dotnet\tools;.]
org.apache.tomcat.jni.LibraryNotFoundError: Can't load library: C:\Users\Me\IdeaProjects\tsaousis-final\bin\tcnative-2.dll, Can't load library: C:\Users\Me\IdeaProjects\tsaousis-final\bin\libtcnative-2.dll, Can't load library: C:\Users\Me\IdeaProjects\tsaousis-final\bin\tcnative-1.dll, Can't load library: C:\Users\Me\IdeaProjects\tsaousis-final\bin\libtcnative-1.dll, no tcnative-2 in java.library.path: C:\Program Files\Amazon Corretto\jdk17.0.14_7\bin;C:\WINDOWS\Sun\Java\bin;C:\WINDOWS\system32;C:\WINDOWS;C:\Program Files\Git\mingw64\bin;C:\Program Files\Git\usr\bin;C:\Users\Me\bin;C:\Program Files\Amazon Corretto\jdk21.0.6_7\bin;C:\Program Files\Amazon Corretto\jdk21.0.6_7\bin;C:\Program Files\Amazon Corretto\jdk17.0.14_7\bin;C:\Program Files\Amazon Corretto\jdk11.0.25_9\bin;C:\Program Files\Amazon Corretto\jdk17.0.13_11\bin;C:\Program Files\Amazon Corretto\jdk17.0.12_7\bin;C:\Program Files\Amazon Corretto\jdk21.0.4_7\bin;C:\Program Files\Amazon Corretto\jdk11.0.22_7\bin;C:\WINDOWS\system32;C:\WINDOWS;C:\WINDOWS\System32\Wbem;C:\WINDOWS\System32\WindowsPowerShell\v1.0;C:\WINDOWS\System32\OpenSSH;C:\Program Files (x86)\Boxcryptor\bin;C:\Program Files\dotnet;C:\Program Files (x86)\Microsoft SQL Server\160\Tools\Binn;C:\Program Files\Microsoft SQL Server\160\Tools\Binn;C:\Program Files\Microsoft SQL Server\Client SDK\ODBC\170\Tools\Binn;C:\Program Files\Microsoft SQL Server\160\DTS\Binn;C:\Program Files (x86)\Microsoft SQL Server\160\DTS\Binn;C:\Program Files\nodejs;C:\Program Files\Microsoft SQL Server\150\Tools\Binn;C:\Program Files (x86)\Windows Kits\10\Windows Performance Toolkit;C:\ProgramData\chocolatey\bin;C:\Program Files\PostgreSQL\16\bin;C:\Program Files\apache-maven-3.9.8-bin\apache-maven-3.9.8\bin;C:\Gradle\gradle-8.10.2\bin;C:\Program Files\Git\usr\bin;C:\Program Files\Docker\Docker\resources\bin;C:\Users\Me\AppData\Local\Programs\Python\Python313\Scripts;C:\Users\Me\AppData\Local\Programs\Python\Python313;C:\Program Files\MySQL\MySQL Shell 8.0\bin;C:\Users\Me\AppData\Local\Programs\Python\Python312\Scripts;C:\Users\Me\AppData\Local\Programs\Python\Python312;C:\Users\Me\AppData\Local\Programs\Python\Python311\Scripts;C:\Users\Me\AppData\Local\Programs\Python\Python311;C:\Users\Me\AppData\Local\Programs\Python\Python39\Scripts;C:\Users\Me\AppData\Local\Programs\Python\Python39;C:\Users\Me\AppData\Local\Microsoft\WindowsApps;C:\Users\Me\AppData\Local\Programs\Microsoft VS Code\bin;C:\Users\Me\AppData\Roaming\npm;C:\Users\Me\.dotnet\tools;., no libtcnative-2 in java.library.path: C:\Program Files\Amazon Corretto\jdk17.0.14_7\bin;C:\WINDOWS\Sun\Java\bin;C:\WINDOWS\system32;C:\WINDOWS;C:\Program Files\Git\mingw64\bin;C:\Program Files\Git\usr\bin;C:\Users\Me\bin;C:\Program Files\Amazon Corretto\jdk21.0.6_7\bin;C:\Program Files\Amazon Corretto\jdk21.0.6_7\bin;C:\Program Files\Amazon Corretto\jdk17.0.14_7\bin;C:\Program Files\Amazon Corretto\jdk11.0.25_9\bin;C:\Program Files\Amazon Corretto\jdk17.0.13_11\bin;C:\Program Files\Amazon Corretto\jdk17.0.12_7\bin;C:\Program Files\Amazon Corretto\jdk21.0.4_7\bin;C:\Program Files\Amazon Corretto\jdk11.0.22_7\bin;C:\WINDOWS\system32;C:\WINDOWS;C:\WINDOWS\System32\Wbem;C:\WINDOWS\System32\WindowsPowerShell\v1.0;C:\WINDOWS\System32\OpenSSH;C:\Program Files (x86)\Boxcryptor\bin;C:\Program Files\dotnet;C:\Program Files (x86)\Microsoft SQL Server\160\Tools\Binn;C:\Program Files\Microsoft SQL Server\160\Tools\Binn;C:\Program Files\Microsoft SQL Server\Client SDK\ODBC\170\Tools\Binn;C:\Program Files\Microsoft SQL Server\160\DTS\Binn;C:\Program Files (x86)\Microsoft SQL Server\160\DTS\Binn;C:\Program Files\nodejs;C:\Program Files\Microsoft SQL Server\150\Tools\Binn;C:\Program Files (x86)\Windows Kits\10\Windows Performance Toolkit;C:\ProgramData\chocolatey\bin;C:\Program Files\PostgreSQL\16\bin;C:\Program Files\apache-maven-3.9.8-bin\apache-maven-3.9.8\bin;C:\Gradle\gradle-8.10.2\bin;C:\Program Files\Git\usr\bin;C:\Program Files\Docker\Docker\resources\bin;C:\Users\Me\AppData\Local\Programs\Python\Python313\Scripts;C:\Users\Me\AppData\Local\Programs\Python\Python313;C:\Program Files\MySQL\MySQL Shell 8.0\bin;C:\Users\Me\AppData\Local\Programs\Python\Python312\Scripts;C:\Users\Me\AppData\Local\Programs\Python\Python312;C:\Users\Me\AppData\Local\Programs\Python\Python311\Scripts;C:\Users\Me\AppData\Local\Programs\Python\Python311;C:\Users\Me\AppData\Local\Programs\Python\Python39\Scripts;C:\Users\Me\AppData\Local\Programs\Python\Python39;C:\Users\Me\AppData\Local\Microsoft\WindowsApps;C:\Users\Me\AppData\Local\Programs\Microsoft VS Code\bin;C:\Users\Me\AppData\Roaming\npm;C:\Users\Me\.dotnet\tools;., no tcnative-1 in java.library.path: C:\Program Files\Amazon Corretto\jdk17.0.14_7\bin;C:\WINDOWS\Sun\Java\bin;C:\WINDOWS\system32;C:\WINDOWS;C:\Program Files\Git\mingw64\bin;C:\Program Files\Git\usr\bin;C:\Users\Me\bin;C:\Program Files\Amazon Corretto\jdk21.0.6_7\bin;C:\Program Files\Amazon Corretto\jdk21.0.6_7\bin;C:\Program Files\Amazon Corretto\jdk17.0.14_7\bin;C:\Program Files\Amazon Corretto\jdk11.0.25_9\bin;C:\Program Files\Amazon Corretto\jdk17.0.13_11\bin;C:\Program Files\Amazon Corretto\jdk17.0.12_7\bin;C:\Program Files\Amazon Corretto\jdk21.0.4_7\bin;C:\Program Files\Amazon Corretto\jdk11.0.22_7\bin;C:\WINDOWS\system32;C:\WINDOWS;C:\WINDOWS\System32\Wbem;C:\WINDOWS\System32\WindowsPowerShell\v1.0;C:\WINDOWS\System32\OpenSSH;C:\Program Files (x86)\Boxcryptor\bin;C:\Program Files\dotnet;C:\Program Files (x86)\Microsoft SQL Server\160\Tools\Binn;C:\Program Files\Microsoft SQL Server\160\Tools\Binn;C:\Program Files\Microsoft SQL Server\Client SDK\ODBC\170\Tools\Binn;C:\Program Files\Microsoft SQL Server\160\DTS\Binn;C:\Program Files (x86)\Microsoft SQL Server\160\DTS\Binn;C:\Program Files\nodejs;C:\Program Files\Microsoft SQL Server\150\Tools\Binn;C:\Program Files (x86)\Windows Kits\10\Windows Performance Toolkit;C:\ProgramData\chocolatey\bin;C:\Program Files\PostgreSQL\16\bin;C:\Program Files\apache-maven-3.9.8-bin\apache-maven-3.9.8\bin;C:\Gradle\gradle-8.10.2\bin;C:\Program Files\Git\usr\bin;C:\Program Files\Docker\Docker\resources\bin;C:\Users\Me\AppData\Local\Programs\Python\Python313\Scripts;C:\Users\Me\AppData\Local\Programs\Python\Python313;C:\Program Files\MySQL\MySQL Shell 8.0\bin;C:\Users\Me\AppData\Local\Programs\Python\Python312\Scripts;C:\Users\Me\AppData\Local\Programs\Python\Python312;C:\Users\Me\AppData\Local\Programs\Python\Python311\Scripts;C:\Users\Me\AppData\Local\Programs\Python\Python311;C:\Users\Me\AppData\Local\Programs\Python\Python39\Scripts;C:\Users\Me\AppData\Local\Programs\Python\Python39;C:\Users\Me\AppData\Local\Microsoft\WindowsApps;C:\Users\Me\AppData\Local\Programs\Microsoft VS Code\bin;C:\Users\Me\AppData\Roaming\npm;C:\Users\Me\.dotnet\tools;., no libtcnative-1 in java.library.path: C:\Program Files\Amazon Corretto\jdk17.0.14_7\bin;C:\WINDOWS\Sun\Java\bin;C:\WINDOWS\system32;C:\WINDOWS;C:\Program Files\Git\mingw64\bin;C:\Program Files\Git\usr\bin;C:\Users\Me\bin;C:\Program Files\Amazon Corretto\jdk21.0.6_7\bin;C:\Program Files\Amazon Corretto\jdk21.0.6_7\bin;C:\Program Files\Amazon Corretto\jdk17.0.14_7\bin;C:\Program Files\Amazon Corretto\jdk11.0.25_9\bin;C:\Program Files\Amazon Corretto\jdk17.0.13_11\bin;C:\Program Files\Amazon Corretto\jdk17.0.12_7\bin;C:\Program Files\Amazon Corretto\jdk21.0.4_7\bin;C:\Program Files\Amazon Corretto\jdk11.0.22_7\bin;C:\WINDOWS\system32;C:\WINDOWS;C:\WINDOWS\System32\Wbem;C:\WINDOWS\System32\WindowsPowerShell\v1.0;C:\WINDOWS\System32\OpenSSH;C:\Program Files (x86)\Boxcryptor\bin;C:\Program Files\dotnet;C:\Program Files (x86)\Microsoft SQL Server\160\Tools\Binn;C:\Program Files\Microsoft SQL Server\160\Tools\Binn;C:\Program Files\Microsoft SQL Server\Client SDK\ODBC\170\Tools\Binn;C:\Program Files\Microsoft SQL Server\160\DTS\Binn;C:\Program Files (x86)\Microsoft SQL Server\160\DTS\Binn;C:\Program Files\nodejs;C:\Program Files\Microsoft SQL Server\150\Tools\Binn;C:\Program Files (x86)\Windows Kits\10\Windows Performance Toolkit;C:\ProgramData\chocolatey\bin;C:\Program Files\PostgreSQL\16\bin;C:\Program Files\apache-maven-3.9.8-bin\apache-maven-3.9.8\bin;C:\Gradle\gradle-8.10.2\bin;C:\Program Files\Git\usr\bin;C:\Program Files\Docker\Docker\resources\bin;C:\Users\Me\AppData\Local\Programs\Python\Python313\Scripts;C:\Users\Me\AppData\Local\Programs\Python\Python313;C:\Program Files\MySQL\MySQL Shell 8.0\bin;C:\Users\Me\AppData\Local\Programs\Python\Python312\Scripts;C:\Users\Me\AppData\Local\Programs\Python\Python312;C:\Users\Me\AppData\Local\Programs\Python\Python311\Scripts;C:\Users\Me\AppData\Local\Programs\Python\Python311;C:\Users\Me\AppData\Local\Programs\Python\Python39\Scripts;C:\Users\Me\AppData\Local\Programs\Python\Python39;C:\Users\Me\AppData\Local\Microsoft\WindowsApps;C:\Users\Me\AppData\Local\Programs\Microsoft VS Code\bin;C:\Users\Me\AppData\Roaming\npm;C:\Users\Me\.dotnet\tools;.
	at org.apache.tomcat.jni.Library.<init>(Library.java:91)
	at org.apache.tomcat.jni.Library.initialize(Library.java:147)
	at org.apache.catalina.core.AprLifecycleListener.init(AprLifecycleListener.java:211)
	at org.apache.catalina.core.AprLifecycleListener.isAprAvailable(AprLifecycleListener.java:113)
	at org.springframework.boot.web.embedded.tomcat.TomcatServletWebServerFactory.getDefaultServerLifecycleListeners(TomcatServletWebServerFactory.java:191)
	at org.springframework.boot.web.embedded.tomcat.TomcatServletWebServerFactory.<init>(TomcatServletWebServerFactory.java:138)
	at org.springframework.boot.autoconfigure.web.servlet.ServletWebServerFactoryConfiguration$EmbeddedTomcat.tomcatServletWebServerFactory(ServletWebServerFactoryConfiguration.java:73)
	at java.base/jdk.internal.reflect.NativeMethodAccessorImpl.invoke0(Native Method)
	at java.base/jdk.internal.reflect.NativeMethodAccessorImpl.invoke(NativeMethodAccessorImpl.java:77)
	at java.base/jdk.internal.reflect.DelegatingMethodAccessorImpl.invoke(DelegatingMethodAccessorImpl.java:43)
	at java.base/java.lang.reflect.Method.invoke(Method.java:569)
	at org.springframework.beans.factory.support.SimpleInstantiationStrategy.lambda$instantiate$0(SimpleInstantiationStrategy.java:171)
	at org.springframework.beans.factory.support.SimpleInstantiationStrategy.instantiateWithFactoryMethod(SimpleInstantiationStrategy.java:88)
	at org.springframework.beans.factory.support.SimpleInstantiationStrategy.instantiate(SimpleInstantiationStrategy.java:168)
	at org.springframework.beans.factory.support.ConstructorResolver.instantiate(ConstructorResolver.java:653)
	at org.springframework.beans.factory.support.ConstructorResolver.instantiateUsingFactoryMethod(ConstructorResolver.java:645)
	at org.springframework.beans.factory.support.AbstractAutowireCapableBeanFactory.instantiateUsingFactoryMethod(AbstractAutowireCapableBeanFactory.java:1357)
	at org.springframework.beans.factory.support.AbstractAutowireCapableBeanFactory.createBeanInstance(AbstractAutowireCapableBeanFactory.java:1187)
	at org.springframework.beans.factory.support.AbstractAutowireCapableBeanFactory.doCreateBean(AbstractAutowireCapableBeanFactory.java:563)
	at org.springframework.beans.factory.support.AbstractAutowireCapableBeanFactory.createBean(AbstractAutowireCapableBeanFactory.java:523)
	at org.springframework.beans.factory.support.AbstractBeanFactory.lambda$doGetBean$0(AbstractBeanFactory.java:336)
	at org.springframework.beans.factory.support.DefaultSingletonBeanRegistry.getSingleton(DefaultSingletonBeanRegistry.java:289)
	at org.springframework.beans.factory.support.AbstractBeanFactory.doGetBean(AbstractBeanFactory.java:334)
	at org.springframework.beans.factory.support.AbstractBeanFactory.getBean(AbstractBeanFactory.java:204)
	at org.springframework.boot.web.servlet.context.ServletWebServerApplicationContext.getWebServerFactory(ServletWebServerApplicationContext.java:223)
	at org.springframework.boot.web.servlet.context.ServletWebServerApplicationContext.createWebServer(ServletWebServerApplicationContext.java:186)
	at org.springframework.boot.web.servlet.context.ServletWebServerApplicationContext.onRefresh(ServletWebServerApplicationContext.java:162)
	at org.springframework.context.support.AbstractApplicationContext.refresh(AbstractApplicationContext.java:621)
	at org.springframework.boot.web.servlet.context.ServletWebServerApplicationContext.refresh(ServletWebServerApplicationContext.java:146)
	at org.springframework.boot.SpringApplication.refresh(SpringApplication.java:752)
	at org.springframework.boot.SpringApplication.refreshContext(SpringApplication.java:439)
	at org.springframework.boot.SpringApplication.run(SpringApplication.java:318)
	at org.springframework.boot.SpringApplication.run(SpringApplication.java:1361)
	at org.springframework.boot.SpringApplication.run(SpringApplication.java:1350)
	at gr.aueb.cf.tsaousisfinal.DormApp.main(DormApp.java:12)
2025-02-08 19:05:58 DEBUG o.a.tomcat.util.compat.Jre19Compat - Class not found so assuming code is running on a pre-Java 19 JVM
java.lang.ClassNotFoundException: java.lang.WrongThreadException
	at java.base/jdk.internal.loader.BuiltinClassLoader.loadClass(BuiltinClassLoader.java:641)
	at java.base/jdk.internal.loader.ClassLoaders$AppClassLoader.loadClass(ClassLoaders.java:188)
	at java.base/java.lang.ClassLoader.loadClass(ClassLoader.java:525)
	at java.base/java.lang.Class.forName0(Native Method)
	at java.base/java.lang.Class.forName(Class.java:375)
	at org.apache.tomcat.util.compat.Jre19Compat.<clinit>(Jre19Compat.java:37)
	at org.apache.tomcat.util.compat.JreCompat.<clinit>(JreCompat.java:60)
	at org.apache.catalina.startup.Tomcat.<clinit>(Tomcat.java:1193)
	at org.springframework.boot.web.embedded.tomcat.TomcatServletWebServerFactory.getWebServer(TomcatServletWebServerFactory.java:203)
	at org.springframework.boot.web.servlet.context.ServletWebServerApplicationContext.createWebServer(ServletWebServerApplicationContext.java:188)
	at org.springframework.boot.web.servlet.context.ServletWebServerApplicationContext.onRefresh(ServletWebServerApplicationContext.java:162)
	at org.springframework.context.support.AbstractApplicationContext.refresh(AbstractApplicationContext.java:621)
	at org.springframework.boot.web.servlet.context.ServletWebServerApplicationContext.refresh(ServletWebServerApplicationContext.java:146)
	at org.springframework.boot.SpringApplication.refresh(SpringApplication.java:752)
	at org.springframework.boot.SpringApplication.refreshContext(SpringApplication.java:439)
	at org.springframework.boot.SpringApplication.run(SpringApplication.java:318)
	at org.springframework.boot.SpringApplication.run(SpringApplication.java:1361)
	at org.springframework.boot.SpringApplication.run(SpringApplication.java:1350)
	at gr.aueb.cf.tsaousisfinal.DormApp.main(DormApp.java:12)
2025-02-08 19:05:58 DEBUG o.a.tomcat.util.compat.Jre21Compat - Class not found so assuming code is running on a pre-Java 21 JVM
java.lang.ClassNotFoundException: java.lang.Thread$Builder
	at java.base/jdk.internal.loader.BuiltinClassLoader.loadClass(BuiltinClassLoader.java:641)
	at java.base/jdk.internal.loader.ClassLoaders$AppClassLoader.loadClass(ClassLoaders.java:188)
	at java.base/java.lang.ClassLoader.loadClass(ClassLoader.java:525)
	at java.base/java.lang.Class.forName0(Native Method)
	at java.base/java.lang.Class.forName(Class.java:375)
	at org.apache.tomcat.util.compat.Jre21Compat.<clinit>(Jre21Compat.java:49)
	at org.apache.tomcat.util.compat.JreCompat.<clinit>(JreCompat.java:60)
	at org.apache.catalina.startup.Tomcat.<clinit>(Tomcat.java:1193)
	at org.springframework.boot.web.embedded.tomcat.TomcatServletWebServerFactory.getWebServer(TomcatServletWebServerFactory.java:203)
	at org.springframework.boot.web.servlet.context.ServletWebServerApplicationContext.createWebServer(ServletWebServerApplicationContext.java:188)
	at org.springframework.boot.web.servlet.context.ServletWebServerApplicationContext.onRefresh(ServletWebServerApplicationContext.java:162)
	at org.springframework.context.support.AbstractApplicationContext.refresh(AbstractApplicationContext.java:621)
	at org.springframework.boot.web.servlet.context.ServletWebServerApplicationContext.refresh(ServletWebServerApplicationContext.java:146)
	at org.springframework.boot.SpringApplication.refresh(SpringApplication.java:752)
	at org.springframework.boot.SpringApplication.refreshContext(SpringApplication.java:439)
	at org.springframework.boot.SpringApplication.run(SpringApplication.java:318)
	at org.springframework.boot.SpringApplication.run(SpringApplication.java:1361)
	at org.springframework.boot.SpringApplication.run(SpringApplication.java:1350)
	at gr.aueb.cf.tsaousisfinal.DormApp.main(DormApp.java:12)
2025-02-08 19:05:58 DEBUG o.a.tomcat.util.compat.Jre22Compat - Class not found so assuming code is running on a pre-Java 22 JVM
java.lang.ClassNotFoundException: java.text.ListFormat
	at java.base/jdk.internal.loader.BuiltinClassLoader.loadClass(BuiltinClassLoader.java:641)
	at java.base/jdk.internal.loader.ClassLoaders$AppClassLoader.loadClass(ClassLoaders.java:188)
	at java.base/java.lang.ClassLoader.loadClass(ClassLoader.java:525)
	at java.base/java.lang.Class.forName0(Native Method)
	at java.base/java.lang.Class.forName(Class.java:375)
	at org.apache.tomcat.util.compat.Jre22Compat.<clinit>(Jre22Compat.java:37)
	at org.apache.tomcat.util.compat.JreCompat.<clinit>(JreCompat.java:60)
	at org.apache.catalina.startup.Tomcat.<clinit>(Tomcat.java:1193)
	at org.springframework.boot.web.embedded.tomcat.TomcatServletWebServerFactory.getWebServer(TomcatServletWebServerFactory.java:203)
	at org.springframework.boot.web.servlet.context.ServletWebServerApplicationContext.createWebServer(ServletWebServerApplicationContext.java:188)
	at org.springframework.boot.web.servlet.context.ServletWebServerApplicationContext.onRefresh(ServletWebServerApplicationContext.java:162)
	at org.springframework.context.support.AbstractApplicationContext.refresh(AbstractApplicationContext.java:621)
	at org.springframework.boot.web.servlet.context.ServletWebServerApplicationContext.refresh(ServletWebServerApplicationContext.java:146)
	at org.springframework.boot.SpringApplication.refresh(SpringApplication.java:752)
	at org.springframework.boot.SpringApplication.refreshContext(SpringApplication.java:439)
	at org.springframework.boot.SpringApplication.run(SpringApplication.java:318)
	at org.springframework.boot.SpringApplication.run(SpringApplication.java:1361)
	at org.springframework.boot.SpringApplication.run(SpringApplication.java:1350)
	at gr.aueb.cf.tsaousisfinal.DormApp.main(DormApp.java:12)
2025-02-08 19:05:58 DEBUG o.apache.catalina.core.ContainerBase - Add container child [StandardHost[localhost]] to container [StandardEngine[Tomcat]]
2025-02-08 19:05:58 DEBUG o.apache.catalina.core.ContainerBase - Add container child [TomcatEmbeddedContext[]] to container [StandardEngine[Tomcat].StandardHost[localhost]]
2025-02-08 19:05:58 DEBUG o.apache.catalina.util.LifecycleBase - Setting state for [StandardServer[-1]] to [INITIALIZING]
2025-02-08 19:05:58 DEBUG o.apache.catalina.util.LifecycleBase - Setting state for [org.apache.catalina.deploy.NamingResourcesImpl@235c997d] to [INITIALIZING]
2025-02-08 19:05:58 DEBUG o.apache.catalina.util.LifecycleBase - Setting state for [org.apache.catalina.deploy.NamingResourcesImpl@235c997d] to [INITIALIZED]
2025-02-08 19:05:58 DEBUG o.apache.catalina.util.LifecycleBase - Setting state for [StandardService[Tomcat]] to [INITIALIZING]
2025-02-08 19:05:58 DEBUG o.apache.catalina.util.LifecycleBase - Setting state for [StandardEngine[Tomcat]] to [INITIALIZING]
2025-02-08 19:05:58 DEBUG o.apache.catalina.util.LifecycleBase - Setting state for [StandardEngine[Tomcat]] to [INITIALIZED]
2025-02-08 19:05:58 DEBUG o.apache.catalina.util.LifecycleBase - Setting state for [org.apache.catalina.mapper.MapperListener@1b3ab4f9] to [INITIALIZING]
2025-02-08 19:05:58 DEBUG o.apache.catalina.util.LifecycleBase - Setting state for [org.apache.catalina.mapper.MapperListener@1b3ab4f9] to [INITIALIZED]
2025-02-08 19:05:58 DEBUG o.apache.catalina.util.LifecycleBase - Setting state for [Connector["http-nio-8080"]] to [INITIALIZING]
2025-02-08 19:05:58 INFO  o.a.coyote.http11.Http11NioProtocol - Initializing ProtocolHandler ["http-nio-8080"]
2025-02-08 19:05:58 DEBUG o.apache.catalina.util.LifecycleBase - Setting state for [Connector["http-nio-8080"]] to [INITIALIZED]
2025-02-08 19:05:58 DEBUG o.apache.catalina.util.LifecycleBase - Setting state for [StandardService[Tomcat]] to [INITIALIZED]
2025-02-08 19:05:58 DEBUG o.apache.catalina.util.LifecycleBase - Setting state for [StandardServer[-1]] to [INITIALIZED]
2025-02-08 19:05:58 DEBUG o.apache.catalina.util.LifecycleBase - Setting state for [StandardServer[-1]] to [STARTING_PREP]
2025-02-08 19:05:58 DEBUG o.apache.catalina.util.LifecycleBase - Setting state for [StandardServer[-1]] to [STARTING]
2025-02-08 19:05:58 DEBUG o.apache.catalina.util.LifecycleBase - Setting state for [org.apache.catalina.deploy.NamingResourcesImpl@235c997d] to [STARTING_PREP]
2025-02-08 19:05:58 DEBUG o.apache.catalina.util.LifecycleBase - Setting state for [org.apache.catalina.deploy.NamingResourcesImpl@235c997d] to [STARTING]
2025-02-08 19:05:58 DEBUG o.apache.catalina.util.LifecycleBase - Setting state for [org.apache.catalina.deploy.NamingResourcesImpl@235c997d] to [STARTED]
2025-02-08 19:05:58 DEBUG o.apache.catalina.util.LifecycleBase - Setting state for [StandardService[Tomcat]] to [STARTING_PREP]
2025-02-08 19:05:58 INFO  o.a.catalina.core.StandardService - Starting service [Tomcat]
2025-02-08 19:05:58 DEBUG o.apache.catalina.util.LifecycleBase - Setting state for [StandardService[Tomcat]] to [STARTING]
2025-02-08 19:05:58 DEBUG o.apache.catalina.util.LifecycleBase - Setting state for [StandardEngine[Tomcat]] to [STARTING_PREP]
2025-02-08 19:05:58 INFO  o.a.catalina.core.StandardEngine - Starting Servlet engine: [Apache Tomcat/10.1.34]
2025-02-08 19:05:58 DEBUG o.apache.catalina.util.LifecycleBase - Setting state for [SimpleRealm[StandardEngine[Tomcat]]] to [INITIALIZING]
2025-02-08 19:05:58 DEBUG o.apache.catalina.util.LifecycleBase - Setting state for [SimpleRealm[StandardEngine[Tomcat]]] to [INITIALIZED]
2025-02-08 19:05:58 DEBUG o.apache.catalina.util.LifecycleBase - Setting state for [SimpleRealm[StandardEngine[Tomcat]]] to [STARTING_PREP]
2025-02-08 19:05:58 DEBUG o.apache.catalina.util.LifecycleBase - Setting state for [SimpleRealm[StandardEngine[Tomcat]]] to [STARTING]
2025-02-08 19:05:58 DEBUG o.apache.catalina.util.LifecycleBase - Setting state for [SimpleRealm[StandardEngine[Tomcat]]] to [STARTED]
2025-02-08 19:05:58 DEBUG o.apache.catalina.util.LifecycleBase - Setting state for [StandardEngine[Tomcat].StandardHost[localhost]] to [INITIALIZING]
2025-02-08 19:05:58 DEBUG o.apache.catalina.util.LifecycleBase - Setting state for [StandardEngine[Tomcat].StandardHost[localhost]] to [INITIALIZED]
2025-02-08 19:05:58 DEBUG o.apache.catalina.util.LifecycleBase - Setting state for [StandardEngine[Tomcat].StandardHost[localhost]] to [STARTING_PREP]
2025-02-08 19:05:58 DEBUG o.apache.catalina.util.LifecycleBase - Setting state for [StandardEngine[Tomcat].StandardHost[localhost].TomcatEmbeddedContext[]] to [INITIALIZING]
2025-02-08 19:05:58 DEBUG o.apache.catalina.util.LifecycleBase - Setting state for [StandardEngine[Tomcat].StandardHost[localhost].TomcatEmbeddedContext[]] to [INITIALIZED]
2025-02-08 19:05:58 DEBUG o.apache.catalina.util.LifecycleBase - Setting state for [StandardEngine[Tomcat].StandardHost[localhost].TomcatEmbeddedContext[]] to [STARTING_PREP]
2025-02-08 19:05:58 DEBUG o.apache.catalina.util.LifecycleBase - Setting state for [org.apache.catalina.webresources.StandardRoot@2bb41f5c] to [INITIALIZING]
2025-02-08 19:05:58 DEBUG o.apache.catalina.util.LifecycleBase - Setting state for [org.apache.catalina.webresources.StandardRoot@2bb41f5c] to [INITIALIZED]
2025-02-08 19:05:58 DEBUG o.apache.catalina.util.LifecycleBase - Setting state for [org.apache.catalina.webresources.StandardRoot@2bb41f5c] to [STARTING_PREP]
2025-02-08 19:05:58 DEBUG o.apache.catalina.util.LifecycleBase - Setting state for [org.apache.catalina.webresources.DirResourceSet@1ad9b8d3] to [INITIALIZING]
2025-02-08 19:05:58 DEBUG o.apache.catalina.util.LifecycleBase - Setting state for [org.apache.catalina.webresources.DirResourceSet@1ad9b8d3] to [INITIALIZED]
2025-02-08 19:05:58 DEBUG o.apache.catalina.util.LifecycleBase - Setting state for [org.apache.catalina.webresources.DirResourceSet@1ad9b8d3] to [STARTING_PREP]
2025-02-08 19:05:58 DEBUG o.apache.catalina.util.LifecycleBase - Setting state for [org.apache.catalina.webresources.DirResourceSet@1ad9b8d3] to [STARTING]
2025-02-08 19:05:58 DEBUG o.apache.catalina.util.LifecycleBase - Setting state for [org.apache.catalina.webresources.DirResourceSet@1ad9b8d3] to [STARTED]
2025-02-08 19:05:58 DEBUG o.apache.catalina.util.LifecycleBase - Setting state for [org.apache.catalina.webresources.StandardRoot@2bb41f5c] to [STARTING]
2025-02-08 19:05:58 DEBUG o.apache.catalina.util.LifecycleBase - Setting state for [org.apache.catalina.webresources.StandardRoot@2bb41f5c] to [STARTED]
2025-02-08 19:05:58 DEBUG o.apache.catalina.util.LifecycleBase - Setting state for [WebappLoader[StandardEngine[Tomcat].StandardHost[localhost].TomcatEmbeddedContext[]]] to [INITIALIZING]
2025-02-08 19:05:58 DEBUG o.apache.catalina.util.LifecycleBase - Setting state for [WebappLoader[StandardEngine[Tomcat].StandardHost[localhost].TomcatEmbeddedContext[]]] to [INITIALIZED]
2025-02-08 19:05:58 DEBUG o.apache.catalina.util.LifecycleBase - Setting state for [WebappLoader[StandardEngine[Tomcat].StandardHost[localhost].TomcatEmbeddedContext[]]] to [STARTING_PREP]
2025-02-08 19:05:58 DEBUG o.a.catalina.loader.WebappLoader - Starting this Loader
2025-02-08 19:05:58 DEBUG o.apache.catalina.webresources.Cache - Increased cache size by [532] for item [org.apache.catalina.webresources.CachedResource@623e0631] at [/WEB-INF/classes] making total cache size [532]
2025-02-08 19:05:58 DEBUG o.apache.catalina.util.LifecycleBase - Setting state for [WebappLoader[StandardEngine[Tomcat].StandardHost[localhost].TomcatEmbeddedContext[]]] to [STARTING]
2025-02-08 19:05:58 DEBUG o.apache.catalina.util.LifecycleBase - Setting state for [WebappLoader[StandardEngine[Tomcat].StandardHost[localhost].TomcatEmbeddedContext[]]] to [STARTED]
2025-02-08 19:05:58 DEBUG o.apache.catalina.util.LifecycleBase - Setting state for [StandardPipeline[StandardEngine[Tomcat].StandardHost[localhost].TomcatEmbeddedContext[]]] to [INITIALIZING]
2025-02-08 19:05:58 DEBUG o.apache.catalina.util.LifecycleBase - Setting state for [StandardPipeline[StandardEngine[Tomcat].StandardHost[localhost].TomcatEmbeddedContext[]]] to [INITIALIZED]
2025-02-08 19:05:58 DEBUG o.apache.catalina.util.LifecycleBase - Setting state for [StandardPipeline[StandardEngine[Tomcat].StandardHost[localhost].TomcatEmbeddedContext[]]] to [STARTING_PREP]
2025-02-08 19:05:58 DEBUG o.apache.catalina.util.LifecycleBase - Setting state for [NonLoginAuthenticator[StandardEngine[Tomcat].StandardHost[localhost].TomcatEmbeddedContext[]]] to [INITIALIZING]
2025-02-08 19:05:58 DEBUG o.apache.catalina.util.LifecycleBase - Setting state for [NonLoginAuthenticator[StandardEngine[Tomcat].StandardHost[localhost].TomcatEmbeddedContext[]]] to [INITIALIZED]
2025-02-08 19:05:58 DEBUG o.apache.catalina.util.LifecycleBase - Setting state for [NonLoginAuthenticator[StandardEngine[Tomcat].StandardHost[localhost].TomcatEmbeddedContext[]]] to [STARTING_PREP]
2025-02-08 19:05:58 DEBUG o.apache.catalina.util.LifecycleBase - Setting state for [NonLoginAuthenticator[StandardEngine[Tomcat].StandardHost[localhost].TomcatEmbeddedContext[]]] to [STARTING]
2025-02-08 19:05:58 DEBUG o.apache.catalina.util.LifecycleBase - Setting state for [NonLoginAuthenticator[StandardEngine[Tomcat].StandardHost[localhost].TomcatEmbeddedContext[]]] to [STARTED]
2025-02-08 19:05:58 DEBUG o.apache.catalina.util.LifecycleBase - Setting state for [StandardContextValve[StandardEngine[Tomcat].StandardHost[localhost].TomcatEmbeddedContext[]]] to [INITIALIZING]
2025-02-08 19:05:58 DEBUG o.apache.catalina.util.LifecycleBase - Setting state for [StandardContextValve[StandardEngine[Tomcat].StandardHost[localhost].TomcatEmbeddedContext[]]] to [INITIALIZED]
2025-02-08 19:05:58 DEBUG o.apache.catalina.util.LifecycleBase - Setting state for [StandardContextValve[StandardEngine[Tomcat].StandardHost[localhost].TomcatEmbeddedContext[]]] to [STARTING_PREP]
2025-02-08 19:05:58 DEBUG o.apache.catalina.util.LifecycleBase - Setting state for [StandardContextValve[StandardEngine[Tomcat].StandardHost[localhost].TomcatEmbeddedContext[]]] to [STARTING]
2025-02-08 19:05:58 DEBUG o.apache.catalina.util.LifecycleBase - Setting state for [StandardContextValve[StandardEngine[Tomcat].StandardHost[localhost].TomcatEmbeddedContext[]]] to [STARTED]
2025-02-08 19:05:58 DEBUG o.apache.catalina.util.LifecycleBase - Setting state for [StandardPipeline[StandardEngine[Tomcat].StandardHost[localhost].TomcatEmbeddedContext[]]] to [STARTING]
2025-02-08 19:05:58 DEBUG o.apache.catalina.util.LifecycleBase - Setting state for [StandardPipeline[StandardEngine[Tomcat].StandardHost[localhost].TomcatEmbeddedContext[]]] to [STARTED]
2025-02-08 19:05:58 DEBUG o.a.catalina.core.StandardContext - No manager found. Checking if cluster manager should be used. Cluster configured: [false], Application distributable: [false]
2025-02-08 19:05:58 DEBUG o.a.catalina.core.StandardContext - Configured a manager of class [org.apache.catalina.session.StandardManager]
2025-02-08 19:05:58 DEBUG o.apache.catalina.util.LifecycleBase - Setting state for [org.apache.catalina.deploy.NamingResourcesImpl@415d88de] to [INITIALIZING]
2025-02-08 19:05:58 DEBUG o.apache.catalina.util.LifecycleBase - Setting state for [org.apache.catalina.deploy.NamingResourcesImpl@415d88de] to [INITIALIZED]
2025-02-08 19:05:58 DEBUG o.apache.catalina.util.LifecycleBase - Setting state for [org.apache.catalina.deploy.NamingResourcesImpl@415d88de] to [STARTING_PREP]
2025-02-08 19:05:58 DEBUG o.apache.catalina.util.LifecycleBase - Setting state for [org.apache.catalina.deploy.NamingResourcesImpl@415d88de] to [STARTING]
2025-02-08 19:05:58 DEBUG o.apache.catalina.util.LifecycleBase - Setting state for [org.apache.catalina.deploy.NamingResourcesImpl@415d88de] to [STARTED]
2025-02-08 19:05:58 INFO  o.a.c.c.C.[Tomcat].[localhost].[/] - Initializing Spring embedded WebApplicationContext
2025-02-08 19:05:59 DEBUG o.apache.catalina.webresources.Cache - Increased cache size by [573] for item [org.apache.catalina.webresources.CachedResource@38159384] at [/WEB-INF/classes/hibernate.properties] making total cache size [1105]
2025-02-08 19:06:01 DEBUG o.apache.catalina.webresources.Cache - Increased cache size by [579] for item [org.apache.catalina.webresources.CachedResource@3f71ae7f] at [/WEB-INF/classes/META-INF/validation.xml] making total cache size [1684]
2025-02-08 19:06:03 DEBUG o.apache.catalina.core.ContainerBase - Add container child [StandardWrapper[dispatcherServlet]] to container [StandardEngine[Tomcat].StandardHost[localhost].TomcatEmbeddedContext[]]
2025-02-08 19:06:03 DEBUG o.apache.catalina.util.LifecycleBase - Setting state for [StandardEngine[Tomcat].StandardHost[localhost].TomcatEmbeddedContext[].StandardWrapper[dispatcherServlet]] to [INITIALIZING]
2025-02-08 19:06:03 DEBUG o.apache.catalina.util.LifecycleBase - Setting state for [StandardEngine[Tomcat].StandardHost[localhost].TomcatEmbeddedContext[].StandardWrapper[dispatcherServlet]] to [INITIALIZED]
2025-02-08 19:06:03 DEBUG o.apache.catalina.util.LifecycleBase - Setting state for [StandardEngine[Tomcat].StandardHost[localhost].TomcatEmbeddedContext[].StandardWrapper[dispatcherServlet]] to [STARTING_PREP]
2025-02-08 19:06:03 DEBUG o.apache.catalina.util.LifecycleBase - Setting state for [StandardPipeline[StandardEngine[Tomcat].StandardHost[localhost].TomcatEmbeddedContext[].StandardWrapper[dispatcherServlet]]] to [INITIALIZING]
2025-02-08 19:06:03 DEBUG o.apache.catalina.util.LifecycleBase - Setting state for [StandardPipeline[StandardEngine[Tomcat].StandardHost[localhost].TomcatEmbeddedContext[].StandardWrapper[dispatcherServlet]]] to [INITIALIZED]
2025-02-08 19:06:03 DEBUG o.apache.catalina.util.LifecycleBase - Setting state for [StandardPipeline[StandardEngine[Tomcat].StandardHost[localhost].TomcatEmbeddedContext[].StandardWrapper[dispatcherServlet]]] to [STARTING_PREP]
2025-02-08 19:06:03 DEBUG o.apache.catalina.util.LifecycleBase - Setting state for [StandardWrapperValve[StandardEngine[Tomcat].StandardHost[localhost].TomcatEmbeddedContext[].StandardWrapper[dispatcherServlet]]] to [INITIALIZING]
2025-02-08 19:06:03 DEBUG o.apache.catalina.util.LifecycleBase - Setting state for [StandardWrapperValve[StandardEngine[Tomcat].StandardHost[localhost].TomcatEmbeddedContext[].StandardWrapper[dispatcherServlet]]] to [INITIALIZED]
2025-02-08 19:06:03 DEBUG o.apache.catalina.util.LifecycleBase - Setting state for [StandardWrapperValve[StandardEngine[Tomcat].StandardHost[localhost].TomcatEmbeddedContext[].StandardWrapper[dispatcherServlet]]] to [STARTING_PREP]
2025-02-08 19:06:03 DEBUG o.apache.catalina.util.LifecycleBase - Setting state for [StandardWrapperValve[StandardEngine[Tomcat].StandardHost[localhost].TomcatEmbeddedContext[].StandardWrapper[dispatcherServlet]]] to [STARTING]
2025-02-08 19:06:03 DEBUG o.apache.catalina.util.LifecycleBase - Setting state for [StandardWrapperValve[StandardEngine[Tomcat].StandardHost[localhost].TomcatEmbeddedContext[].StandardWrapper[dispatcherServlet]]] to [STARTED]
2025-02-08 19:06:03 DEBUG o.apache.catalina.util.LifecycleBase - Setting state for [StandardPipeline[StandardEngine[Tomcat].StandardHost[localhost].TomcatEmbeddedContext[].StandardWrapper[dispatcherServlet]]] to [STARTING]
2025-02-08 19:06:03 DEBUG o.apache.catalina.util.LifecycleBase - Setting state for [StandardPipeline[StandardEngine[Tomcat].StandardHost[localhost].TomcatEmbeddedContext[].StandardWrapper[dispatcherServlet]]] to [STARTED]
2025-02-08 19:06:03 DEBUG o.apache.catalina.util.LifecycleBase - Setting state for [StandardEngine[Tomcat].StandardHost[localhost].TomcatEmbeddedContext[].StandardWrapper[dispatcherServlet]] to [STARTING]
2025-02-08 19:06:03 DEBUG o.apache.catalina.util.LifecycleBase - Setting state for [StandardEngine[Tomcat].StandardHost[localhost].TomcatEmbeddedContext[].StandardWrapper[dispatcherServlet]] to [STARTED]
2025-02-08 19:06:03 DEBUG o.apache.catalina.util.LifecycleBase - Setting state for [StandardManager[StandardEngine[Tomcat].StandardHost[localhost].TomcatEmbeddedContext[]]] to [INITIALIZING]
2025-02-08 19:06:03 DEBUG o.apache.catalina.util.LifecycleBase - Setting state for [StandardManager[StandardEngine[Tomcat].StandardHost[localhost].TomcatEmbeddedContext[]]] to [INITIALIZED]
2025-02-08 19:06:03 DEBUG o.apache.catalina.util.LifecycleBase - Setting state for [StandardManager[StandardEngine[Tomcat].StandardHost[localhost].TomcatEmbeddedContext[]]] to [STARTING_PREP]
2025-02-08 19:06:03 DEBUG o.apache.catalina.util.LifecycleBase - Setting state for [org.springframework.boot.web.embedded.tomcat.LazySessionIdGenerator@5cb3cfef] to [INITIALIZING]
2025-02-08 19:06:03 DEBUG o.apache.catalina.util.LifecycleBase - Setting state for [org.springframework.boot.web.embedded.tomcat.LazySessionIdGenerator@5cb3cfef] to [INITIALIZED]
2025-02-08 19:06:03 DEBUG o.apache.catalina.util.LifecycleBase - Setting state for [org.springframework.boot.web.embedded.tomcat.LazySessionIdGenerator@5cb3cfef] to [STARTING_PREP]
2025-02-08 19:06:03 DEBUG o.apache.catalina.util.LifecycleBase - Setting state for [org.springframework.boot.web.embedded.tomcat.LazySessionIdGenerator@5cb3cfef] to [STARTING]
2025-02-08 19:06:03 DEBUG o.apache.catalina.util.LifecycleBase - Setting state for [org.springframework.boot.web.embedded.tomcat.LazySessionIdGenerator@5cb3cfef] to [STARTED]
2025-02-08 19:06:03 DEBUG o.apache.catalina.util.LifecycleBase - Setting state for [StandardManager[StandardEngine[Tomcat].StandardHost[localhost].TomcatEmbeddedContext[]]] to [STARTING]
2025-02-08 19:06:03 DEBUG o.apache.catalina.util.LifecycleBase - Setting state for [StandardManager[StandardEngine[Tomcat].StandardHost[localhost].TomcatEmbeddedContext[]]] to [STARTED]
2025-02-08 19:06:03 DEBUG o.apache.catalina.util.LifecycleBase - Setting state for [StandardEngine[Tomcat].StandardHost[localhost].TomcatEmbeddedContext[]] to [STARTING]
2025-02-08 19:06:03 DEBUG o.apache.catalina.util.LifecycleBase - Setting state for [StandardEngine[Tomcat].StandardHost[localhost].TomcatEmbeddedContext[]] to [STARTED]
2025-02-08 19:06:03 DEBUG o.apache.catalina.util.LifecycleBase - Setting state for [StandardPipeline[StandardEngine[Tomcat].StandardHost[localhost]]] to [INITIALIZING]
2025-02-08 19:06:03 DEBUG o.apache.catalina.util.LifecycleBase - Setting state for [StandardPipeline[StandardEngine[Tomcat].StandardHost[localhost]]] to [INITIALIZED]
2025-02-08 19:06:03 DEBUG o.apache.catalina.util.LifecycleBase - Setting state for [StandardPipeline[StandardEngine[Tomcat].StandardHost[localhost]]] to [STARTING_PREP]
2025-02-08 19:06:03 DEBUG o.apache.catalina.util.LifecycleBase - Setting state for [ErrorReportValve[StandardEngine[Tomcat].StandardHost[localhost]]] to [INITIALIZING]
2025-02-08 19:06:03 DEBUG o.apache.catalina.util.LifecycleBase - Setting state for [ErrorReportValve[StandardEngine[Tomcat].StandardHost[localhost]]] to [INITIALIZED]
2025-02-08 19:06:03 DEBUG o.apache.catalina.util.LifecycleBase - Setting state for [ErrorReportValve[StandardEngine[Tomcat].StandardHost[localhost]]] to [STARTING_PREP]
2025-02-08 19:06:03 DEBUG o.apache.catalina.util.LifecycleBase - Setting state for [ErrorReportValve[StandardEngine[Tomcat].StandardHost[localhost]]] to [STARTING]
2025-02-08 19:06:03 DEBUG o.apache.catalina.util.LifecycleBase - Setting state for [ErrorReportValve[StandardEngine[Tomcat].StandardHost[localhost]]] to [STARTED]
2025-02-08 19:06:03 DEBUG o.apache.catalina.util.LifecycleBase - Setting state for [StandardHostValve[StandardEngine[Tomcat].StandardHost[localhost]]] to [INITIALIZING]
2025-02-08 19:06:03 DEBUG o.apache.catalina.util.LifecycleBase - Setting state for [StandardHostValve[StandardEngine[Tomcat].StandardHost[localhost]]] to [INITIALIZED]
2025-02-08 19:06:03 DEBUG o.apache.catalina.util.LifecycleBase - Setting state for [StandardHostValve[StandardEngine[Tomcat].StandardHost[localhost]]] to [STARTING_PREP]
2025-02-08 19:06:03 DEBUG o.apache.catalina.util.LifecycleBase - Setting state for [StandardHostValve[StandardEngine[Tomcat].StandardHost[localhost]]] to [STARTING]
2025-02-08 19:06:03 DEBUG o.apache.catalina.util.LifecycleBase - Setting state for [StandardHostValve[StandardEngine[Tomcat].StandardHost[localhost]]] to [STARTED]
2025-02-08 19:06:03 DEBUG o.apache.catalina.util.LifecycleBase - Setting state for [StandardPipeline[StandardEngine[Tomcat].StandardHost[localhost]]] to [STARTING]
2025-02-08 19:06:03 DEBUG o.apache.catalina.util.LifecycleBase - Setting state for [StandardPipeline[StandardEngine[Tomcat].StandardHost[localhost]]] to [STARTED]
2025-02-08 19:06:03 DEBUG o.apache.catalina.util.LifecycleBase - Setting state for [StandardEngine[Tomcat].StandardHost[localhost]] to [STARTING]
2025-02-08 19:06:03 DEBUG o.apache.catalina.util.LifecycleBase - Setting state for [StandardEngine[Tomcat].StandardHost[localhost]] to [STARTED]
2025-02-08 19:06:03 DEBUG o.apache.catalina.util.LifecycleBase - Setting state for [StandardPipeline[StandardEngine[Tomcat]]] to [INITIALIZING]
2025-02-08 19:06:03 DEBUG o.apache.catalina.util.LifecycleBase - Setting state for [StandardPipeline[StandardEngine[Tomcat]]] to [INITIALIZED]
2025-02-08 19:06:03 DEBUG o.apache.catalina.util.LifecycleBase - Setting state for [StandardPipeline[StandardEngine[Tomcat]]] to [STARTING_PREP]
2025-02-08 19:06:03 DEBUG o.apache.catalina.util.LifecycleBase - Setting state for [StandardEngineValve[StandardEngine[Tomcat]]] to [INITIALIZING]
2025-02-08 19:06:03 DEBUG o.apache.catalina.util.LifecycleBase - Setting state for [StandardEngineValve[StandardEngine[Tomcat]]] to [INITIALIZED]
2025-02-08 19:06:03 DEBUG o.apache.catalina.util.LifecycleBase - Setting state for [StandardEngineValve[StandardEngine[Tomcat]]] to [STARTING_PREP]
2025-02-08 19:06:03 DEBUG o.apache.catalina.util.LifecycleBase - Setting state for [StandardEngineValve[StandardEngine[Tomcat]]] to [STARTING]
2025-02-08 19:06:03 DEBUG o.apache.catalina.util.LifecycleBase - Setting state for [StandardEngineValve[StandardEngine[Tomcat]]] to [STARTED]
2025-02-08 19:06:03 DEBUG o.apache.catalina.util.LifecycleBase - Setting state for [StandardPipeline[StandardEngine[Tomcat]]] to [STARTING]
2025-02-08 19:06:03 DEBUG o.apache.catalina.util.LifecycleBase - Setting state for [StandardPipeline[StandardEngine[Tomcat]]] to [STARTED]
2025-02-08 19:06:03 DEBUG o.apache.catalina.util.LifecycleBase - Setting state for [StandardEngine[Tomcat]] to [STARTING]
2025-02-08 19:06:03 DEBUG o.apache.catalina.util.LifecycleBase - Setting state for [StandardEngine[Tomcat]] to [STARTED]
2025-02-08 19:06:03 DEBUG o.apache.catalina.util.LifecycleBase - Setting state for [org.apache.catalina.mapper.MapperListener@1b3ab4f9] to [STARTING_PREP]
2025-02-08 19:06:03 DEBUG o.apache.catalina.util.LifecycleBase - Setting state for [org.apache.catalina.mapper.MapperListener@1b3ab4f9] to [STARTING]
2025-02-08 19:06:03 DEBUG org.apache.catalina.mapper.Mapper - Registered host [localhost]
2025-02-08 19:06:03 DEBUG o.a.catalina.mapper.MapperListener - Register Wrapper [dispatcherServlet] in Context [] for service [StandardService[Tomcat]]
2025-02-08 19:06:03 DEBUG o.a.catalina.mapper.MapperListener - Register Context [] for service [StandardService[Tomcat]]
2025-02-08 19:06:03 DEBUG o.a.catalina.mapper.MapperListener - Register host [localhost] at domain [null] for service [StandardService[Tomcat]]
2025-02-08 19:06:03 DEBUG o.apache.catalina.util.LifecycleBase - Setting state for [org.apache.catalina.mapper.MapperListener@1b3ab4f9] to [STARTED]
2025-02-08 19:06:03 DEBUG o.apache.catalina.util.LifecycleBase - Setting state for [StandardService[Tomcat]] to [STARTED]
2025-02-08 19:06:03 DEBUG o.apache.catalina.util.LifecycleBase - Setting state for [StandardServer[-1]] to [STARTED]
2025-02-08 19:06:04 DEBUG o.apache.catalina.webresources.Cache - Increased cache size by [521] for item [org.apache.catalina.webresources.CachedResource@396a4dea] at [/index.html] making total cache size [2205]
2025-02-08 19:06:04 DEBUG o.apache.catalina.webresources.Cache - Increased cache size by [501] for item [org.apache.catalina.webresources.CachedResource@6cb2d5ea] at [/] making total cache size [2706]
2025-02-08 19:06:04 DEBUG o.apache.catalina.util.LifecycleBase - Setting state for [Connector["http-nio-8080"]] to [STARTING_PREP]
2025-02-08 19:06:04 DEBUG o.apache.catalina.util.LifecycleBase - Setting state for [Connector["http-nio-8080"]] to [STARTING]
2025-02-08 19:06:04 INFO  o.a.coyote.http11.Http11NioProtocol - Starting ProtocolHandler ["http-nio-8080"]
2025-02-08 19:06:04 DEBUG o.apache.catalina.util.LifecycleBase - Setting state for [Connector["http-nio-8080"]] to [STARTED]
2025-02-08 19:07:33 DEBUG o.a.coyote.http11.Http11Processor - Error parsing HTTP request header
java.io.EOFException: null
	at org.apache.tomcat.util.net.NioEndpoint$NioSocketWrapper.fillReadBuffer(NioEndpoint.java:1293)
	at org.apache.tomcat.util.net.NioEndpoint$NioSocketWrapper.read(NioEndpoint.java:1181)
	at org.apache.coyote.http11.Http11InputBuffer.fill(Http11InputBuffer.java:792)
	at org.apache.coyote.http11.Http11InputBuffer.parseRequestLine(Http11InputBuffer.java:348)
	at org.apache.coyote.http11.Http11Processor.service(Http11Processor.java:270)
	at org.apache.coyote.AbstractProcessorLight.process(AbstractProcessorLight.java:63)
	at org.apache.coyote.AbstractProtocol$ConnectionHandler.process(AbstractProtocol.java:905)
	at org.apache.tomcat.util.net.NioEndpoint$SocketProcessor.doRun(NioEndpoint.java:1741)
	at org.apache.tomcat.util.net.SocketProcessorBase.run(SocketProcessorBase.java:52)
	at org.apache.tomcat.util.threads.ThreadPoolExecutor.runWorker(ThreadPoolExecutor.java:1190)
	at org.apache.tomcat.util.threads.ThreadPoolExecutor$Worker.run(ThreadPoolExecutor.java:659)
	at org.apache.tomcat.util.threads.TaskThread$WrappingRunnable.run(TaskThread.java:63)
	at java.base/java.lang.Thread.run(Thread.java:840)
2025-02-08 19:07:33 DEBUG o.a.coyote.http11.Http11Processor - Error state [CLOSE_CONNECTION_NOW] reported while processing request
java.io.EOFException: null
	at org.apache.tomcat.util.net.NioEndpoint$NioSocketWrapper.fillReadBuffer(NioEndpoint.java:1293)
	at org.apache.tomcat.util.net.NioEndpoint$NioSocketWrapper.read(NioEndpoint.java:1181)
	at org.apache.coyote.http11.Http11InputBuffer.fill(Http11InputBuffer.java:792)
	at org.apache.coyote.http11.Http11InputBuffer.parseRequestLine(Http11InputBuffer.java:348)
	at org.apache.coyote.http11.Http11Processor.service(Http11Processor.java:270)
	at org.apache.coyote.AbstractProcessorLight.process(AbstractProcessorLight.java:63)
	at org.apache.coyote.AbstractProtocol$ConnectionHandler.process(AbstractProtocol.java:905)
	at org.apache.tomcat.util.net.NioEndpoint$SocketProcessor.doRun(NioEndpoint.java:1741)
	at org.apache.tomcat.util.net.SocketProcessorBase.run(SocketProcessorBase.java:52)
	at org.apache.tomcat.util.threads.ThreadPoolExecutor.runWorker(ThreadPoolExecutor.java:1190)
	at org.apache.tomcat.util.threads.ThreadPoolExecutor$Worker.run(ThreadPoolExecutor.java:659)
	at org.apache.tomcat.util.threads.TaskThread$WrappingRunnable.run(TaskThread.java:63)
	at java.base/java.lang.Thread.run(Thread.java:840)
2025-02-08 19:07:33 DEBUG o.a.c.a.jaspic.AuthConfigFactoryImpl - Loading persistent provider registrations from [C:\Users\Me\AppData\Local\Temp\tomcat.8080.7779098425076730798\conf\jaspic-providers.xml]
2025-02-08 19:07:33 INFO  o.a.c.c.C.[Tomcat].[localhost].[/] - Initializing Spring DispatcherServlet 'dispatcherServlet'
2025-02-08 21:06:14 DEBUG o.a.coyote.http11.Http11Processor - Error parsing HTTP request header
java.io.EOFException: null
	at org.apache.tomcat.util.net.NioEndpoint$NioSocketWrapper.fillReadBuffer(NioEndpoint.java:1293)
	at org.apache.tomcat.util.net.NioEndpoint$NioSocketWrapper.read(NioEndpoint.java:1181)
	at org.apache.coyote.http11.Http11InputBuffer.fill(Http11InputBuffer.java:792)
	at org.apache.coyote.http11.Http11InputBuffer.parseRequestLine(Http11InputBuffer.java:348)
	at org.apache.coyote.http11.Http11Processor.service(Http11Processor.java:270)
	at org.apache.coyote.AbstractProcessorLight.process(AbstractProcessorLight.java:63)
	at org.apache.coyote.AbstractProtocol$ConnectionHandler.process(AbstractProtocol.java:905)
	at org.apache.tomcat.util.net.NioEndpoint$SocketProcessor.doRun(NioEndpoint.java:1741)
	at org.apache.tomcat.util.net.SocketProcessorBase.run(SocketProcessorBase.java:52)
	at org.apache.tomcat.util.threads.ThreadPoolExecutor.runWorker(ThreadPoolExecutor.java:1190)
	at org.apache.tomcat.util.threads.ThreadPoolExecutor$Worker.run(ThreadPoolExecutor.java:659)
	at org.apache.tomcat.util.threads.TaskThread$WrappingRunnable.run(TaskThread.java:63)
	at java.base/java.lang.Thread.run(Thread.java:840)
2025-02-08 21:06:14 DEBUG o.a.coyote.http11.Http11Processor - Error state [CLOSE_CONNECTION_NOW] reported while processing request
java.io.EOFException: null
	at org.apache.tomcat.util.net.NioEndpoint$NioSocketWrapper.fillReadBuffer(NioEndpoint.java:1293)
	at org.apache.tomcat.util.net.NioEndpoint$NioSocketWrapper.read(NioEndpoint.java:1181)
	at org.apache.coyote.http11.Http11InputBuffer.fill(Http11InputBuffer.java:792)
	at org.apache.coyote.http11.Http11InputBuffer.parseRequestLine(Http11InputBuffer.java:348)
	at org.apache.coyote.http11.Http11Processor.service(Http11Processor.java:270)
	at org.apache.coyote.AbstractProcessorLight.process(AbstractProcessorLight.java:63)
	at org.apache.coyote.AbstractProtocol$ConnectionHandler.process(AbstractProtocol.java:905)
	at org.apache.tomcat.util.net.NioEndpoint$SocketProcessor.doRun(NioEndpoint.java:1741)
	at org.apache.tomcat.util.net.SocketProcessorBase.run(SocketProcessorBase.java:52)
	at org.apache.tomcat.util.threads.ThreadPoolExecutor.runWorker(ThreadPoolExecutor.java:1190)
	at org.apache.tomcat.util.threads.ThreadPoolExecutor$Worker.run(ThreadPoolExecutor.java:659)
	at org.apache.tomcat.util.threads.TaskThread$WrappingRunnable.run(TaskThread.java:63)
	at java.base/java.lang.Thread.run(Thread.java:840)
2025-02-08 21:06:38 DEBUG o.a.coyote.http11.Http11Processor - Error parsing HTTP request header
java.io.EOFException: null
	at org.apache.tomcat.util.net.NioEndpoint$NioSocketWrapper.fillReadBuffer(NioEndpoint.java:1293)
	at org.apache.tomcat.util.net.NioEndpoint$NioSocketWrapper.read(NioEndpoint.java:1181)
	at org.apache.coyote.http11.Http11InputBuffer.fill(Http11InputBuffer.java:792)
	at org.apache.coyote.http11.Http11InputBuffer.parseRequestLine(Http11InputBuffer.java:348)
	at org.apache.coyote.http11.Http11Processor.service(Http11Processor.java:270)
	at org.apache.coyote.AbstractProcessorLight.process(AbstractProcessorLight.java:63)
	at org.apache.coyote.AbstractProtocol$ConnectionHandler.process(AbstractProtocol.java:905)
	at org.apache.tomcat.util.net.NioEndpoint$SocketProcessor.doRun(NioEndpoint.java:1741)
	at org.apache.tomcat.util.net.SocketProcessorBase.run(SocketProcessorBase.java:52)
	at org.apache.tomcat.util.threads.ThreadPoolExecutor.runWorker(ThreadPoolExecutor.java:1190)
	at org.apache.tomcat.util.threads.ThreadPoolExecutor$Worker.run(ThreadPoolExecutor.java:659)
	at org.apache.tomcat.util.threads.TaskThread$WrappingRunnable.run(TaskThread.java:63)
	at java.base/java.lang.Thread.run(Thread.java:840)
2025-02-08 21:06:38 DEBUG o.a.coyote.http11.Http11Processor - Error state [CLOSE_CONNECTION_NOW] reported while processing request
java.io.EOFException: null
	at org.apache.tomcat.util.net.NioEndpoint$NioSocketWrapper.fillReadBuffer(NioEndpoint.java:1293)
	at org.apache.tomcat.util.net.NioEndpoint$NioSocketWrapper.read(NioEndpoint.java:1181)
	at org.apache.coyote.http11.Http11InputBuffer.fill(Http11InputBuffer.java:792)
	at org.apache.coyote.http11.Http11InputBuffer.parseRequestLine(Http11InputBuffer.java:348)
	at org.apache.coyote.http11.Http11Processor.service(Http11Processor.java:270)
	at org.apache.coyote.AbstractProcessorLight.process(AbstractProcessorLight.java:63)
	at org.apache.coyote.AbstractProtocol$ConnectionHandler.process(AbstractProtocol.java:905)
	at org.apache.tomcat.util.net.NioEndpoint$SocketProcessor.doRun(NioEndpoint.java:1741)
	at org.apache.tomcat.util.net.SocketProcessorBase.run(SocketProcessorBase.java:52)
	at org.apache.tomcat.util.threads.ThreadPoolExecutor.runWorker(ThreadPoolExecutor.java:1190)
	at org.apache.tomcat.util.threads.ThreadPoolExecutor$Worker.run(ThreadPoolExecutor.java:659)
	at org.apache.tomcat.util.threads.TaskThread$WrappingRunnable.run(TaskThread.java:63)
	at java.base/java.lang.Thread.run(Thread.java:840)
